# JRE version: OpenJDK Runtime Environment Temurin-21.0.8+9 (21.0.8+9) (build 21.0.8+9-LTS)
# Java VM: OpenJDK 64-Bit Server VM Temurin-21.0.8+9 (21.0.8+9-LTS, mixed mode, sharing, tiered, compressed oops, compressed class ptrs, parallel gc, windows-amd64)
GC Precious Log:
 CardTable entry size: 512
 CPUs: 8 total, 8 available
 Memory: 11930M
 Large Page Support: Disabled
 NUMA Support: Disabled
 Compressed Oops: Enabled (32-bit)
 Alignments: Space 512K, Generation 512K, Heap 2M
 Heap Min Capacity: 100M
 Heap Initial Capacity: 100M
 Heap Max Capacity: 2G
 Pre-touch: Disabled
 Parallel Workers: 8
Heap:
 PSYoungGen      total 18432K, used 8488K [0x00000000d5580000, 0x00000000d6d00000, 0x0000000100000000)
  eden space 17408K, 42% used [0x00000000d5580000,0x00000000d5ccdf30,0x00000000d6680000)
  from space 1024K, 98% used [0x00000000d6c00000,0x00000000d6cfc318,0x00000000d6d00000)
  to   space 2048K, 0% used [0x00000000d6900000,0x00000000d6900000,0x00000000d6b00000)
 ParOldGen       total 86016K, used 50446K [0x0000000080000000, 0x0000000085400000, 0x00000000d5580000)
  object space 86016K, 58% used [0x0000000080000000,0x00000000831439e0,0x0000000085400000)
 Metaspace       used 59948K, committed 61376K, reserved 1114112K
  class space    used 6411K, committed 7040K, reserved 1048576K
GC Heap History (20 events):
Event: 11.453 GC heap before
{Heap before GC invocations=39 (full 2):
 PSYoungGen      total 18944K, used 18688K [0x00000000d5580000, 0x00000000d6a00000, 0x0000000100000000)
  eden space 17408K, 100% used [0x00000000d5580000,0x00000000d6680000,0x00000000d6680000)
  from space 1536K, 83% used [0x00000000d6880000,0x00000000d69c0000,0x00000000d6a00000)
  to   space 1536K, 0% used [0x00000000d6700000,0x00000000d6700000,0x00000000d6880000)
 ParOldGen       total 68608K, used 50851K [0x0000000080000000, 0x0000000084300000, 0x00000000d5580000)
  object space 68608K, 74% used [0x0000000080000000,0x00000000831a8e60,0x0000000084300000)
 Metaspace       used 51510K, committed 52864K, reserved 1114112K
  class space    used 5616K, committed 6208K, reserved 1048576K
}
Event: 11.463 GC heap after
{Heap after GC invocations=39 (full 2):
 PSYoungGen      total 18944K, used 1517K [0x00000000d5580000, 0x00000000d8480000, 0x0000000100000000)
  eden space 17408K, 0% used [0x00000000d5580000,0x00000000d5580000,0x00000000d6680000)
  from space 1536K, 98% used [0x00000000d6700000,0x00000000d687b510,0x00000000d6880000)
  to   space 15360K, 0% used [0x00000000d7580000,0x00000000d7580000,0x00000000d8480000)
 ParOldGen       total 68608K, used 62641K [0x0000000080000000, 0x0000000084300000, 0x00000000d5580000)
  object space 68608K, 91% used [0x0000000080000000,0x0000000083d2c530,0x0000000084300000)
 Metaspace       used 51510K, committed 52864K, reserved 1114112K
  class space    used 5616K, committed 6208K, reserved 1048576K
}
Event: 11.673 GC heap before
{Heap before GC invocations=40 (full 2):
 PSYoungGen      total 18944K, used 18925K [0x00000000d5580000, 0x00000000d8480000, 0x0000000100000000)
  eden space 17408K, 100% used [0x00000000d5580000,0x00000000d6680000,0x00000000d6680000)
  from space 1536K, 98% used [0x00000000d6700000,0x00000000d687b510,0x00000000d6880000)
  to   space 15360K, 0% used [0x00000000d7580000,0x00000000d7580000,0x00000000d8480000)
 ParOldGen       total 68608K, used 62641K [0x0000000080000000, 0x0000000084300000, 0x00000000d5580000)
  object space 68608K, 91% used [0x0000000080000000,0x0000000083d2c530,0x0000000084300000)
 Metaspace       used 52633K, committed 53952K, reserved 1114112K
  class space    used 5709K, committed 6272K, reserved 1048576K
}
Event: 11.681 GC heap after
{Heap after GC invocations=40 (full 2):
 PSYoungGen      total 24576K, used 7033K [0x00000000d5580000, 0x00000000d7c80000, 0x0000000100000000)
  eden space 17408K, 0% used [0x00000000d5580000,0x00000000d5580000,0x00000000d6680000)
  from space 7168K, 98% used [0x00000000d7580000,0x00000000d7c5e490,0x00000000d7c80000)
  to   space 9728K, 0% used [0x00000000d6980000,0x00000000d6980000,0x00000000d7300000)
 ParOldGen       total 68608K, used 64155K [0x0000000080000000, 0x0000000084300000, 0x00000000d5580000)
  object space 68608K, 93% used [0x0000000080000000,0x0000000083ea6cd8,0x0000000084300000)
 Metaspace       used 52633K, committed 53952K, reserved 1114112K
  class space    used 5709K, committed 6272K, reserved 1048576K
}
Event: 11.823 GC heap before
{Heap before GC invocations=41 (full 2):
 PSYoungGen      total 24576K, used 24441K [0x00000000d5580000, 0x00000000d7c80000, 0x0000000100000000)
  eden space 17408K, 100% used [0x00000000d5580000,0x00000000d6680000,0x00000000d6680000)
  from space 7168K, 98% used [0x00000000d7580000,0x00000000d7c5e490,0x00000000d7c80000)
  to   space 9728K, 0% used [0x00000000d6980000,0x00000000d6980000,0x00000000d7300000)
 ParOldGen       total 68608K, used 64155K [0x0000000080000000, 0x0000000084300000, 0x00000000d5580000)
  object space 68608K, 93% used [0x0000000080000000,0x0000000083ea6cd8,0x0000000084300000)
 Metaspace       used 53030K, committed 54336K, reserved 1114112K
  class space    used 5778K, committed 6336K, reserved 1048576K
}
Event: 11.831 GC heap after
{Heap after GC invocations=41 (full 2):
 PSYoungGen      total 24576K, used 7159K [0x00000000d5580000, 0x00000000d7600000, 0x0000000100000000)
  eden space 17408K, 0% used [0x00000000d5580000,0x00000000d5580000,0x00000000d6680000)
  from space 7168K, 99% used [0x00000000d6980000,0x00000000d707de90,0x00000000d7080000)
  to   space 5632K, 0% used [0x00000000d7080000,0x00000000d7080000,0x00000000d7600000)
 ParOldGen       total 70656K, used 70172K [0x0000000080000000, 0x0000000084500000, 0x00000000d5580000)
  object space 70656K, 99% used [0x0000000080000000,0x0000000084487178,0x0000000084500000)
 Metaspace       used 53030K, committed 54336K, reserved 1114112K
  class space    used 5778K, committed 6336K, reserved 1048576K
}
Event: 12.180 GC heap before
{Heap before GC invocations=42 (full 2):
 PSYoungGen      total 24576K, used 24567K [0x00000000d5580000, 0x00000000d7600000, 0x0000000100000000)
  eden space 17408K, 100% used [0x00000000d5580000,0x00000000d6680000,0x00000000d6680000)
  from space 7168K, 99% used [0x00000000d6980000,0x00000000d707de90,0x00000000d7080000)
  to   space 5632K, 0% used [0x00000000d7080000,0x00000000d7080000,0x00000000d7600000)
 ParOldGen       total 70656K, used 70172K [0x0000000080000000, 0x0000000084500000, 0x00000000d5580000)
  object space 70656K, 99% used [0x0000000080000000,0x0000000084487178,0x0000000084500000)
 Metaspace       used 54093K, committed 55424K, reserved 1114112K
  class space    used 5852K, committed 6400K, reserved 1048576K
}
Event: 12.189 GC heap after
{Heap after GC invocations=42 (full 2):
 PSYoungGen      total 21504K, used 3872K [0x00000000d5580000, 0x00000000d7480000, 0x0000000100000000)
  eden space 17408K, 0% used [0x00000000d5580000,0x00000000d5580000,0x00000000d6680000)
  from space 4096K, 94% used [0x00000000d7080000,0x00000000d7448010,0x00000000d7480000)
  to   space 5632K, 0% used [0x00000000d6980000,0x00000000d6980000,0x00000000d6f00000)
 ParOldGen       total 77312K, used 77205K [0x0000000080000000, 0x0000000084b80000, 0x00000000d5580000)
  object space 77312K, 99% used [0x0000000080000000,0x0000000084b65728,0x0000000084b80000)
 Metaspace       used 54093K, committed 55424K, reserved 1114112K
  class space    used 5852K, committed 6400K, reserved 1048576K
}
Event: 12.384 GC heap before
{Heap before GC invocations=43 (full 2):
 PSYoungGen      total 21504K, used 21280K [0x00000000d5580000, 0x00000000d7480000, 0x0000000100000000)
  eden space 17408K, 100% used [0x00000000d5580000,0x00000000d6680000,0x00000000d6680000)
  from space 4096K, 94% used [0x00000000d7080000,0x00000000d7448010,0x00000000d7480000)
  to   space 5632K, 0% used [0x00000000d6980000,0x00000000d6980000,0x00000000d6f00000)
 ParOldGen       total 77312K, used 77205K [0x0000000080000000, 0x0000000084b80000, 0x00000000d5580000)
  object space 77312K, 99% used [0x0000000080000000,0x0000000084b65728,0x0000000084b80000)
 Metaspace       used 54987K, committed 56320K, reserved 1114112K
  class space    used 5954K, committed 6528K, reserved 1048576K
}
Event: 12.390 GC heap after
{Heap after GC invocations=43 (full 2):
 PSYoungGen      total 20480K, used 2800K [0x00000000d5580000, 0x00000000d7100000, 0x0000000100000000)
  eden space 17408K, 0% used [0x00000000d5580000,0x00000000d5580000,0x00000000d6680000)
  from space 3072K, 91% used [0x00000000d6980000,0x00000000d6c3c2f0,0x00000000d6c80000)
  to   space 3584K, 0% used [0x00000000d6d80000,0x00000000d6d80000,0x00000000d7100000)
 ParOldGen       total 80896K, used 80893K [0x0000000080000000, 0x0000000084f00000, 0x00000000d5580000)
  object space 80896K, 99% used [0x0000000080000000,0x0000000084eff728,0x0000000084f00000)
 Metaspace       used 54987K, committed 56320K, reserved 1114112K
  class space    used 5954K, committed 6528K, reserved 1048576K
}
Event: 12.554 GC heap before
{Heap before GC invocations=44 (full 2):
 PSYoungGen      total 20480K, used 20148K [0x00000000d5580000, 0x00000000d7100000, 0x0000000100000000)
  eden space 17408K, 99% used [0x00000000d5580000,0x00000000d6670d28,0x00000000d6680000)
  from space 3072K, 91% used [0x00000000d6980000,0x00000000d6c3c2f0,0x00000000d6c80000)
  to   space 3584K, 0% used [0x00000000d6d80000,0x00000000d6d80000,0x00000000d7100000)
 ParOldGen       total 80896K, used 80893K [0x0000000080000000, 0x0000000084f00000, 0x00000000d5580000)
  object space 80896K, 99% used [0x0000000080000000,0x0000000084eff728,0x0000000084f00000)
 Metaspace       used 56058K, committed 57344K, reserved 1114112K
  class space    used 6049K, committed 6592K, reserved 1048576K
}
Event: 12.557 GC heap after
{Heap after GC invocations=44 (full 2):
 PSYoungGen      total 19968K, used 2225K [0x00000000d5580000, 0x00000000d7000000, 0x0000000100000000)
  eden space 17408K, 0% used [0x00000000d5580000,0x00000000d5580000,0x00000000d6680000)
  from space 2560K, 86% used [0x00000000d6d80000,0x00000000d6fac4b8,0x00000000d7000000)
  to   space 2560K, 0% used [0x00000000d6b00000,0x00000000d6b00000,0x00000000d6d80000)
 ParOldGen       total 83968K, used 83561K [0x0000000080000000, 0x0000000085200000, 0x00000000d5580000)
  object space 83968K, 99% used [0x0000000080000000,0x000000008519a7b8,0x0000000085200000)
 Metaspace       used 56058K, committed 57344K, reserved 1114112K
  class space    used 6049K, committed 6592K, reserved 1048576K
}
Event: 12.663 GC heap before
{Heap before GC invocations=45 (full 2):
 PSYoungGen      total 19968K, used 19633K [0x00000000d5580000, 0x00000000d7000000, 0x0000000100000000)
  eden space 17408K, 100% used [0x00000000d5580000,0x00000000d6680000,0x00000000d6680000)
  from space 2560K, 86% used [0x00000000d6d80000,0x00000000d6fac4b8,0x00000000d7000000)
  to   space 2560K, 0% used [0x00000000d6b00000,0x00000000d6b00000,0x00000000d6d80000)
 ParOldGen       total 83968K, used 83561K [0x0000000080000000, 0x0000000085200000, 0x00000000d5580000)
  object space 83968K, 99% used [0x0000000080000000,0x000000008519a7b8,0x0000000085200000)
 Metaspace       used 56345K, committed 57664K, reserved 1114112K
  class space    used 6075K, committed 6656K, reserved 1048576K
}
Event: 12.666 GC heap after
{Heap after GC invocations=45 (full 2):
 PSYoungGen      total 18944K, used 1104K [0x00000000d5580000, 0x00000000d6e00000, 0x0000000100000000)
  eden space 17408K, 0% used [0x00000000d5580000,0x00000000d5580000,0x00000000d6680000)
  from space 1536K, 71% used [0x00000000d6b00000,0x00000000d6c14340,0x00000000d6c80000)
  to   space 1536K, 0% used [0x00000000d6c80000,0x00000000d6c80000,0x00000000d6e00000)
 ParOldGen       total 85504K, used 85407K [0x0000000080000000, 0x0000000085380000, 0x00000000d5580000)
  object space 85504K, 99% used [0x0000000080000000,0x0000000085367e10,0x0000000085380000)
 Metaspace       used 56345K, committed 57664K, reserved 1114112K
  class space    used 6075K, committed 6656K, reserved 1048576K
}
Event: 12.764 GC heap before
{Heap before GC invocations=46 (full 2):
 PSYoungGen      total 18944K, used 18512K [0x00000000d5580000, 0x00000000d6e00000, 0x0000000100000000)
  eden space 17408K, 100% used [0x00000000d5580000,0x00000000d6680000,0x00000000d6680000)
  from space 1536K, 71% used [0x00000000d6b00000,0x00000000d6c14340,0x00000000d6c80000)
  to   space 1536K, 0% used [0x00000000d6c80000,0x00000000d6c80000,0x00000000d6e00000)
 ParOldGen       total 85504K, used 85407K [0x0000000080000000, 0x0000000085380000, 0x00000000d5580000)
  object space 85504K, 99% used [0x0000000080000000,0x0000000085367e10,0x0000000085380000)
 Metaspace       used 57069K, committed 58432K, reserved 1114112K
  class space    used 6139K, committed 6720K, reserved 1048576K
}
Event: 12.766 GC heap after
{Heap after GC invocations=46 (full 2):
 PSYoungGen      total 17920K, used 297K [0x00000000d5580000, 0x00000000d6d00000, 0x0000000100000000)
  eden space 17408K, 0% used [0x00000000d5580000,0x00000000d5580000,0x00000000d6680000)
  from space 512K, 58% used [0x00000000d6c80000,0x00000000d6cca6f0,0x00000000d6d00000)
  to   space 1024K, 0% used [0x00000000d6b00000,0x00000000d6b00000,0x00000000d6c00000)
 ParOldGen       total 86016K, used 85575K [0x0000000080000000, 0x0000000085400000, 0x00000000d5580000)
  object space 86016K, 99% used [0x0000000080000000,0x0000000085391e20,0x0000000085400000)
 Metaspace       used 57069K, committed 58432K, reserved 1114112K
  class space    used 6139K, committed 6720K, reserved 1048576K
}
Event: 12.964 GC heap before
{Heap before GC invocations=47 (full 2):
 PSYoungGen      total 17920K, used 10872K [0x00000000d5580000, 0x00000000d6d00000, 0x0000000100000000)
  eden space 17408K, 60% used [0x00000000d5580000,0x00000000d5fd3b50,0x00000000d6680000)
  from space 512K, 58% used [0x00000000d6c80000,0x00000000d6cca6f0,0x00000000d6d00000)
  to   space 1024K, 0% used [0x00000000d6b00000,0x00000000d6b00000,0x00000000d6c00000)
 ParOldGen       total 86016K, used 85575K [0x0000000080000000, 0x0000000085400000, 0x00000000d5580000)
  object space 86016K, 99% used [0x0000000080000000,0x0000000085391e20,0x0000000085400000)
 Metaspace       used 58454K, committed 59776K, reserved 1114112K
  class space    used 6261K, committed 6848K, reserved 1048576K
}
Event: 12.967 GC heap after
{Heap after GC invocations=47 (full 2):
 PSYoungGen      total 18432K, used 784K [0x00000000d5580000, 0x00000000d6d00000, 0x0000000100000000)
  eden space 17408K, 0% used [0x00000000d5580000,0x00000000d5580000,0x00000000d6680000)
  from space 1024K, 76% used [0x00000000d6b00000,0x00000000d6bc4030,0x00000000d6c00000)
  to   space 1024K, 0% used [0x00000000d6c00000,0x00000000d6c00000,0x00000000d6d00000)
 ParOldGen       total 86016K, used 85615K [0x0000000080000000, 0x0000000085400000, 0x00000000d5580000)
  object space 86016K, 99% used [0x0000000080000000,0x000000008539be20,0x0000000085400000)
 Metaspace       used 58454K, committed 59776K, reserved 1114112K
  class space    used 6261K, committed 6848K, reserved 1048576K
}
Event: 12.967 GC heap before
{Heap before GC invocations=48 (full 3):
 PSYoungGen      total 18432K, used 784K [0x00000000d5580000, 0x00000000d6d00000, 0x0000000100000000)
  eden space 17408K, 0% used [0x00000000d5580000,0x00000000d5580000,0x00000000d6680000)
  from space 1024K, 76% used [0x00000000d6b00000,0x00000000d6bc4030,0x00000000d6c00000)
  to   space 1024K, 0% used [0x00000000d6c00000,0x00000000d6c00000,0x00000000d6d00000)
 ParOldGen       total 86016K, used 85615K [0x0000000080000000, 0x0000000085400000, 0x00000000d5580000)
  object space 86016K, 99% used [0x0000000080000000,0x000000008539be20,0x0000000085400000)
 Metaspace       used 58454K, committed 59776K, reserved 1114112K
  class space    used 6261K, committed 6848K, reserved 1048576K
}
Event: 13.093 GC heap after
{Heap after GC invocations=48 (full 3):
 PSYoungGen      total 18432K, used 0K [0x00000000d5580000, 0x00000000d6d00000, 0x0000000100000000)
  eden space 17408K, 0% used [0x00000000d5580000,0x00000000d5580000,0x00000000d6680000)
  from space 1024K, 0% used [0x00000000d6b00000,0x00000000d6b00000,0x00000000d6c00000)
  to   space 1024K, 0% used [0x00000000d6c00000,0x00000000d6c00000,0x00000000d6d00000)
 ParOldGen       total 86016K, used 49945K [0x0000000080000000, 0x0000000085400000, 0x00000000d5580000)
  object space 86016K, 58% used [0x0000000080000000,0x00000000830c6530,0x0000000085400000)
 Metaspace       used 58454K, committed 59776K, reserved 1114112K
  class space    used 6261K, committed 6848K, reserved 1048576K
}

