# JRE version: OpenJDK Runtime Environment Temurin-21.0.8+9 (21.0.8+9) (build 21.0.8+9-LTS)
# Java VM: OpenJDK 64-Bit Server VM Temurin-21.0.8+9 (21.0.8+9-LTS, mixed mode, sharing, tiered, compressed oops, compressed class ptrs, parallel gc, windows-amd64)
GC Precious Log:
 CardTable entry size: 512
 CPUs: 8 total, 8 available
 Memory: 11930M
 Large Page Support: Disabled
 NUMA Support: Disabled
 Compressed Oops: Enabled (32-bit)
 Alignments: Space 512K, Generation 512K, Heap 2M
 Heap Min Capacity: 100M
 Heap Initial Capacity: 100M
 Heap Max Capacity: 2G
 Pre-touch: Disabled
 Parallel Workers: 8
Heap:
 PSYoungGen      total 12288K, used 4489K [0x00000000d5580000, 0x00000000d6600000, 0x0000000100000000)
  eden space 11264K, 33% used [0x00000000d5580000,0x00000000d592d2d0,0x00000000d6080000)
  from space 1024K, 70% used [0x00000000d6480000,0x00000000d6535200,0x00000000d6580000)
  to   space 512K, 0% used [0x00000000d6580000,0x00000000d6580000,0x00000000d6600000)
 ParOldGen       total 160256K, used 160092K [0x0000000080000000, 0x0000000089c80000, 0x00000000d5580000)
  object space 160256K, 99% used [0x0000000080000000,0x0000000089c573f0,0x0000000089c80000)
 Metaspace       used 71249K, committed 72896K, reserved 1114112K
  class space    used 7386K, committed 8064K, reserved 1048576K
GC Heap History (20 events):
Event: 30.920 GC heap before
{Heap before GC invocations=207 (full 3):
 PSYoungGen      total 12288K, used 11924K [0x00000000d5580000, 0x00000000d6d80000, 0x0000000100000000)
  eden space 11264K, 100% used [0x00000000d5580000,0x00000000d6080000,0x00000000d6080000)
  from space 1024K, 64% used [0x00000000d6b80000,0x00000000d6c25200,0x00000000d6c80000)
  to   space 1024K, 0% used [0x00000000d6c80000,0x00000000d6c80000,0x00000000d6d80000)
 ParOldGen       total 131072K, used 130846K [0x0000000080000000, 0x0000000088000000, 0x00000000d5580000)
  object space 131072K, 99% used [0x0000000080000000,0x0000000087fc7a70,0x0000000088000000)
 Metaspace       used 70145K, committed 71744K, reserved 1114112K
  class space    used 7275K, committed 8000K, reserved 1048576K
}
Event: 30.921 GC heap after
{Heap after GC invocations=207 (full 3):
 PSYoungGen      total 11776K, used 160K [0x00000000d5580000, 0x00000000d6d00000, 0x0000000100000000)
  eden space 11264K, 0% used [0x00000000d5580000,0x00000000d5580000,0x00000000d6080000)
  from space 512K, 31% used [0x00000000d6c80000,0x00000000d6ca8000,0x00000000d6d00000)
  to   space 512K, 0% used [0x00000000d6c00000,0x00000000d6c00000,0x00000000d6c80000)
 ParOldGen       total 131072K, used 130886K [0x0000000080000000, 0x0000000088000000, 0x00000000d5580000)
  object space 131072K, 99% used [0x0000000080000000,0x0000000087fd1a70,0x0000000088000000)
 Metaspace       used 70145K, committed 71744K, reserved 1114112K
  class space    used 7275K, committed 8000K, reserved 1048576K
}
Event: 53.290 GC heap before
{Heap before GC invocations=208 (full 3):
 PSYoungGen      total 11776K, used 11424K [0x00000000d5580000, 0x00000000d6d00000, 0x0000000100000000)
  eden space 11264K, 100% used [0x00000000d5580000,0x00000000d6080000,0x00000000d6080000)
  from space 512K, 31% used [0x00000000d6c80000,0x00000000d6ca8000,0x00000000d6d00000)
  to   space 512K, 0% used [0x00000000d6c00000,0x00000000d6c00000,0x00000000d6c80000)
 ParOldGen       total 131072K, used 130886K [0x0000000080000000, 0x0000000088000000, 0x00000000d5580000)
  object space 131072K, 99% used [0x0000000080000000,0x0000000087fd1a70,0x0000000088000000)
 Metaspace       used 70313K, committed 71936K, reserved 1114112K
  class space    used 7281K, committed 8000K, reserved 1048576K
}
Event: 53.292 GC heap after
{Heap after GC invocations=208 (full 3):
 PSYoungGen      total 11776K, used 496K [0x00000000d5580000, 0x00000000d6d00000, 0x0000000100000000)
  eden space 11264K, 0% used [0x00000000d5580000,0x00000000d5580000,0x00000000d6080000)
  from space 512K, 96% used [0x00000000d6c00000,0x00000000d6c7c010,0x00000000d6c80000)
  to   space 512K, 0% used [0x00000000d6c80000,0x00000000d6c80000,0x00000000d6d00000)
 ParOldGen       total 131584K, used 131478K [0x0000000080000000, 0x0000000088080000, 0x00000000d5580000)
  object space 131584K, 99% used [0x0000000080000000,0x0000000088065828,0x0000000088080000)
 Metaspace       used 70313K, committed 71936K, reserved 1114112K
  class space    used 7281K, committed 8000K, reserved 1048576K
}
Event: 53.380 GC heap before
{Heap before GC invocations=209 (full 3):
 PSYoungGen      total 11776K, used 11760K [0x00000000d5580000, 0x00000000d6d00000, 0x0000000100000000)
  eden space 11264K, 100% used [0x00000000d5580000,0x00000000d6080000,0x00000000d6080000)
  from space 512K, 96% used [0x00000000d6c00000,0x00000000d6c7c010,0x00000000d6c80000)
  to   space 512K, 0% used [0x00000000d6c80000,0x00000000d6c80000,0x00000000d6d00000)
 ParOldGen       total 131584K, used 131478K [0x0000000080000000, 0x0000000088080000, 0x00000000d5580000)
  object space 131584K, 99% used [0x0000000080000000,0x0000000088065828,0x0000000088080000)
 Metaspace       used 70328K, committed 71936K, reserved 1114112K
  class space    used 7281K, committed 8000K, reserved 1048576K
}
Event: 53.386 GC heap after
{Heap after GC invocations=209 (full 3):
 PSYoungGen      total 11776K, used 512K [0x00000000d5580000, 0x00000000d7880000, 0x0000000100000000)
  eden space 11264K, 0% used [0x00000000d5580000,0x00000000d5580000,0x00000000d6080000)
  from space 512K, 100% used [0x00000000d6c80000,0x00000000d6d00000,0x00000000d6d00000)
  to   space 12288K, 0% used [0x00000000d6080000,0x00000000d6080000,0x00000000d6c80000)
 ParOldGen       total 141824K, used 141346K [0x0000000080000000, 0x0000000088a80000, 0x00000000d5580000)
  object space 141824K, 99% used [0x0000000080000000,0x0000000088a08970,0x0000000088a80000)
 Metaspace       used 70328K, committed 71936K, reserved 1114112K
  class space    used 7281K, committed 8000K, reserved 1048576K
}
Event: 53.448 GC heap before
{Heap before GC invocations=210 (full 3):
 PSYoungGen      total 11776K, used 11769K [0x00000000d5580000, 0x00000000d7880000, 0x0000000100000000)
  eden space 11264K, 99% used [0x00000000d5580000,0x00000000d607e680,0x00000000d6080000)
  from space 512K, 100% used [0x00000000d6c80000,0x00000000d6d00000,0x00000000d6d00000)
  to   space 12288K, 0% used [0x00000000d6080000,0x00000000d6080000,0x00000000d6c80000)
 ParOldGen       total 141824K, used 141346K [0x0000000080000000, 0x0000000088a80000, 0x00000000d5580000)
  object space 141824K, 99% used [0x0000000080000000,0x0000000088a08970,0x0000000088a80000)
 Metaspace       used 70341K, committed 72000K, reserved 1114112K
  class space    used 7281K, committed 8000K, reserved 1048576K
}
Event: 53.453 GC heap after
{Heap after GC invocations=210 (full 3):
 PSYoungGen      total 20480K, used 9015K [0x00000000d5580000, 0x00000000d7380000, 0x0000000100000000)
  eden space 11264K, 0% used [0x00000000d5580000,0x00000000d5580000,0x00000000d6080000)
  from space 9216K, 97% used [0x00000000d6080000,0x00000000d694de50,0x00000000d6980000)
  to   space 9728K, 0% used [0x00000000d6a00000,0x00000000d6a00000,0x00000000d7380000)
 ParOldGen       total 142336K, used 141890K [0x0000000080000000, 0x0000000088b00000, 0x00000000d5580000)
  object space 142336K, 99% used [0x0000000080000000,0x0000000088a90990,0x0000000088b00000)
 Metaspace       used 70341K, committed 72000K, reserved 1114112K
  class space    used 7281K, committed 8000K, reserved 1048576K
}
Event: 53.544 GC heap before
{Heap before GC invocations=211 (full 3):
 PSYoungGen      total 20480K, used 20279K [0x00000000d5580000, 0x00000000d7380000, 0x0000000100000000)
  eden space 11264K, 100% used [0x00000000d5580000,0x00000000d6080000,0x00000000d6080000)
  from space 9216K, 97% used [0x00000000d6080000,0x00000000d694de50,0x00000000d6980000)
  to   space 9728K, 0% used [0x00000000d6a00000,0x00000000d6a00000,0x00000000d7380000)
 ParOldGen       total 142336K, used 141890K [0x0000000080000000, 0x0000000088b00000, 0x00000000d5580000)
  object space 142336K, 99% used [0x0000000080000000,0x0000000088a90990,0x0000000088b00000)
 Metaspace       used 70369K, committed 72000K, reserved 1114112K
  class space    used 7281K, committed 8000K, reserved 1048576K
}
Event: 53.553 GC heap after
{Heap after GC invocations=211 (full 3):
 PSYoungGen      total 19456K, used 7799K [0x00000000d5580000, 0x00000000d7200000, 0x0000000100000000)
  eden space 11264K, 0% used [0x00000000d5580000,0x00000000d5580000,0x00000000d6080000)
  from space 8192K, 95% used [0x00000000d6a00000,0x00000000d719de90,0x00000000d7200000)
  to   space 8704K, 0% used [0x00000000d6100000,0x00000000d6100000,0x00000000d6980000)
 ParOldGen       total 148992K, used 148650K [0x0000000080000000, 0x0000000089180000, 0x00000000d5580000)
  object space 148992K, 99% used [0x0000000080000000,0x000000008912a9b0,0x0000000089180000)
 Metaspace       used 70369K, committed 72000K, reserved 1114112K
  class space    used 7281K, committed 8000K, reserved 1048576K
}
Event: 54.063 GC heap before
{Heap before GC invocations=212 (full 3):
 PSYoungGen      total 19456K, used 19063K [0x00000000d5580000, 0x00000000d7200000, 0x0000000100000000)
  eden space 11264K, 100% used [0x00000000d5580000,0x00000000d6080000,0x00000000d6080000)
  from space 8192K, 95% used [0x00000000d6a00000,0x00000000d719de90,0x00000000d7200000)
  to   space 8704K, 0% used [0x00000000d6100000,0x00000000d6100000,0x00000000d6980000)
 ParOldGen       total 148992K, used 148650K [0x0000000080000000, 0x0000000089180000, 0x00000000d5580000)
  object space 148992K, 99% used [0x0000000080000000,0x000000008912a9b0,0x0000000089180000)
 Metaspace       used 70390K, committed 72000K, reserved 1114112K
  class space    used 7281K, committed 8000K, reserved 1048576K
}
Event: 54.069 GC heap after
{Heap after GC invocations=212 (full 3):
 PSYoungGen      total 14336K, used 2596K [0x00000000d5580000, 0x00000000d6a80000, 0x0000000100000000)
  eden space 11264K, 0% used [0x00000000d5580000,0x00000000d5580000,0x00000000d6080000)
  from space 3072K, 84% used [0x00000000d6100000,0x00000000d6389230,0x00000000d6400000)
  to   space 4608K, 0% used [0x00000000d6600000,0x00000000d6600000,0x00000000d6a80000)
 ParOldGen       total 156672K, used 156314K [0x0000000080000000, 0x0000000089900000, 0x00000000d5580000)
  object space 156672K, 99% used [0x0000000080000000,0x00000000898a6840,0x0000000089900000)
 Metaspace       used 70390K, committed 72000K, reserved 1114112K
  class space    used 7281K, committed 8000K, reserved 1048576K
}
Event: 54.436 GC heap before
{Heap before GC invocations=213 (full 3):
 PSYoungGen      total 14336K, used 13860K [0x00000000d5580000, 0x00000000d6a80000, 0x0000000100000000)
  eden space 11264K, 99% used [0x00000000d5580000,0x00000000d607fff8,0x00000000d6080000)
  from space 3072K, 84% used [0x00000000d6100000,0x00000000d6389230,0x00000000d6400000)
  to   space 4608K, 0% used [0x00000000d6600000,0x00000000d6600000,0x00000000d6a80000)
 ParOldGen       total 156672K, used 156314K [0x0000000080000000, 0x0000000089900000, 0x00000000d5580000)
  object space 156672K, 99% used [0x0000000080000000,0x00000000898a6840,0x0000000089900000)
 Metaspace       used 70402K, committed 72000K, reserved 1114112K
  class space    used 7281K, committed 8000K, reserved 1048576K
}
Event: 54.439 GC heap after
{Heap after GC invocations=213 (full 3):
 PSYoungGen      total 12288K, used 538K [0x00000000d5580000, 0x00000000d6700000, 0x0000000100000000)
  eden space 11264K, 0% used [0x00000000d5580000,0x00000000d5580000,0x00000000d6080000)
  from space 1024K, 52% used [0x00000000d6600000,0x00000000d6686900,0x00000000d6700000)
  to   space 2048K, 0% used [0x00000000d6300000,0x00000000d6300000,0x00000000d6500000)
 ParOldGen       total 159232K, used 158822K [0x0000000080000000, 0x0000000089b80000, 0x00000000d5580000)
  object space 159232K, 99% used [0x0000000080000000,0x0000000089b19a70,0x0000000089b80000)
 Metaspace       used 70402K, committed 72000K, reserved 1114112K
  class space    used 7281K, committed 8000K, reserved 1048576K
}
Event: 57.053 GC heap before
{Heap before GC invocations=214 (full 3):
 PSYoungGen      total 12288K, used 11802K [0x00000000d5580000, 0x00000000d6700000, 0x0000000100000000)
  eden space 11264K, 100% used [0x00000000d5580000,0x00000000d6080000,0x00000000d6080000)
  from space 1024K, 52% used [0x00000000d6600000,0x00000000d6686900,0x00000000d6700000)
  to   space 2048K, 0% used [0x00000000d6300000,0x00000000d6300000,0x00000000d6500000)
 ParOldGen       total 159232K, used 158822K [0x0000000080000000, 0x0000000089b80000, 0x00000000d5580000)
  object space 159232K, 99% used [0x0000000080000000,0x0000000089b19a70,0x0000000089b80000)
 Metaspace       used 70443K, committed 72128K, reserved 1114112K
  class space    used 7283K, committed 8000K, reserved 1048576K
}
Event: 57.054 GC heap after
{Heap after GC invocations=214 (full 3):
 PSYoungGen      total 13312K, used 884K [0x00000000d5580000, 0x00000000d6680000, 0x0000000100000000)
  eden space 11264K, 0% used [0x00000000d5580000,0x00000000d5580000,0x00000000d6080000)
  from space 2048K, 43% used [0x00000000d6300000,0x00000000d63dd200,0x00000000d6500000)
  to   space 1024K, 0% used [0x00000000d6580000,0x00000000d6580000,0x00000000d6680000)
 ParOldGen       total 159232K, used 158870K [0x0000000080000000, 0x0000000089b80000, 0x00000000d5580000)
  object space 159232K, 99% used [0x0000000080000000,0x0000000089b25a70,0x0000000089b80000)
 Metaspace       used 70443K, committed 72128K, reserved 1114112K
  class space    used 7283K, committed 8000K, reserved 1048576K
}
Event: 57.240 GC heap before
{Heap before GC invocations=215 (full 3):
 PSYoungGen      total 13312K, used 12148K [0x00000000d5580000, 0x00000000d6680000, 0x0000000100000000)
  eden space 11264K, 100% used [0x00000000d5580000,0x00000000d6080000,0x00000000d6080000)
  from space 2048K, 43% used [0x00000000d6300000,0x00000000d63dd200,0x00000000d6500000)
  to   space 1024K, 0% used [0x00000000d6580000,0x00000000d6580000,0x00000000d6680000)
 ParOldGen       total 159232K, used 158870K [0x0000000080000000, 0x0000000089b80000, 0x00000000d5580000)
  object space 159232K, 99% used [0x0000000080000000,0x0000000089b25a70,0x0000000089b80000)
 Metaspace       used 70606K, committed 72256K, reserved 1114112K
  class space    used 7294K, committed 8000K, reserved 1048576K
}
Event: 57.241 GC heap after
{Heap after GC invocations=215 (full 3):
 PSYoungGen      total 12288K, used 544K [0x00000000d5580000, 0x00000000d6680000, 0x0000000100000000)
  eden space 11264K, 0% used [0x00000000d5580000,0x00000000d5580000,0x00000000d6080000)
  from space 1024K, 53% used [0x00000000d6580000,0x00000000d6608000,0x00000000d6680000)
  to   space 1024K, 0% used [0x00000000d6480000,0x00000000d6480000,0x00000000d6580000)
 ParOldGen       total 159744K, used 159590K [0x0000000080000000, 0x0000000089c00000, 0x00000000d5580000)
  object space 159744K, 99% used [0x0000000080000000,0x0000000089bd9a30,0x0000000089c00000)
 Metaspace       used 70606K, committed 72256K, reserved 1114112K
  class space    used 7294K, committed 8000K, reserved 1048576K
}
Event: 58.285 GC heap before
{Heap before GC invocations=216 (full 3):
 PSYoungGen      total 12288K, used 11807K [0x00000000d5580000, 0x00000000d6680000, 0x0000000100000000)
  eden space 11264K, 99% used [0x00000000d5580000,0x00000000d607ffd0,0x00000000d6080000)
  from space 1024K, 53% used [0x00000000d6580000,0x00000000d6608000,0x00000000d6680000)
  to   space 1024K, 0% used [0x00000000d6480000,0x00000000d6480000,0x00000000d6580000)
 ParOldGen       total 159744K, used 159590K [0x0000000080000000, 0x0000000089c00000, 0x00000000d5580000)
  object space 159744K, 99% used [0x0000000080000000,0x0000000089bd9a30,0x0000000089c00000)
 Metaspace       used 70877K, committed 72512K, reserved 1114112K
  class space    used 7308K, committed 8000K, reserved 1048576K
}
Event: 59.291 GC heap after
{Heap after GC invocations=216 (full 3):
 PSYoungGen      total 12288K, used 724K [0x00000000d5580000, 0x00000000d6600000, 0x0000000100000000)
  eden space 11264K, 0% used [0x00000000d5580000,0x00000000d5580000,0x00000000d6080000)
  from space 1024K, 70% used [0x00000000d6480000,0x00000000d6535200,0x00000000d6580000)
  to   space 512K, 0% used [0x00000000d6580000,0x00000000d6580000,0x00000000d6600000)
 ParOldGen       total 160256K, used 160092K [0x0000000080000000, 0x0000000089c80000, 0x00000000d5580000)
  object space 160256K, 99% used [0x0000000080000000,0x0000000089c573f0,0x0000000089c80000)
 Metaspace       used 70877K, committed 72512K, reserved 1114112K
  class space    used 7308K, committed 8000K, reserved 1048576K
}

