# JRE version: OpenJDK Runtime Environment Temurin-21.0.8+9 (21.0.8+9) (build 21.0.8+9-LTS)
# Java VM: OpenJDK 64-Bit Server VM Temurin-21.0.8+9 (21.0.8+9-LTS, mixed mode, sharing, tiered, compressed oops, compressed class ptrs, parallel gc, windows-amd64)
GC Precious Log:
 CardTable entry size: 512
 CPUs: 8 total, 8 available
 Memory: 11930M
 Large Page Support: Disabled
 NUMA Support: Disabled
 Compressed Oops: Enabled (32-bit)
 Alignments: Space 512K, Generation 512K, Heap 2M
 Heap Min Capacity: 100M
 Heap Initial Capacity: 100M
 Heap Max Capacity: 2G
 Pre-touch: Disabled
 Parallel Workers: 8
Heap:
 PSYoungGen      total 16896K, used 6061K [0x00000000d5580000, 0x00000000d6800000, 0x0000000100000000)
  eden space 15360K, 37% used [0x00000000d5580000,0x00000000d5b2f548,0x00000000d6480000)
  from space 1536K, 15% used [0x00000000d6580000,0x00000000d65bc010,0x00000000d6700000)
  to   space 1024K, 0% used [0x00000000d6700000,0x00000000d6700000,0x00000000d6800000)
 ParOldGen       total 68608K, used 58772K [0x0000000080000000, 0x0000000084300000, 0x00000000d5580000)
  object space 68608K, 85% used [0x0000000080000000,0x0000000083965200,0x0000000084300000)
 Metaspace       used 58326K, committed 59776K, reserved 1114112K
  class space    used 6265K, committed 6912K, reserved 1048576K
GC Heap History (20 events):
Event: 7.963 GC heap before
{Heap before GC invocations=36 (full 2):
 PSYoungGen      total 19968K, used 19680K [0x00000000d5580000, 0x00000000d6a80000, 0x0000000100000000)
  eden space 18432K, 100% used [0x00000000d5580000,0x00000000d6780000,0x00000000d6780000)
  from space 1536K, 81% used [0x00000000d6780000,0x00000000d68b8000,0x00000000d6900000)
  to   space 1536K, 0% used [0x00000000d6900000,0x00000000d6900000,0x00000000d6a80000)
 ParOldGen       total 68608K, used 45752K [0x0000000080000000, 0x0000000084300000, 0x00000000d5580000)
  object space 68608K, 66% used [0x0000000080000000,0x0000000082cae398,0x0000000084300000)
 Metaspace       used 50631K, committed 52032K, reserved 1114112K
  class space    used 5514K, committed 6144K, reserved 1048576K
}
Event: 7.965 GC heap after
{Heap after GC invocations=36 (full 2):
 PSYoungGen      total 19968K, used 1312K [0x00000000d5580000, 0x00000000d6a80000, 0x0000000100000000)
  eden space 18432K, 0% used [0x00000000d5580000,0x00000000d5580000,0x00000000d6780000)
  from space 1536K, 85% used [0x00000000d6900000,0x00000000d6a48000,0x00000000d6a80000)
  to   space 1536K, 0% used [0x00000000d6780000,0x00000000d6780000,0x00000000d6900000)
 ParOldGen       total 68608K, used 46888K [0x0000000080000000, 0x0000000084300000, 0x00000000d5580000)
  object space 68608K, 68% used [0x0000000080000000,0x0000000082dca398,0x0000000084300000)
 Metaspace       used 50631K, committed 52032K, reserved 1114112K
  class space    used 5514K, committed 6144K, reserved 1048576K
}
Event: 8.007 GC heap before
{Heap before GC invocations=37 (full 2):
 PSYoungGen      total 19968K, used 19744K [0x00000000d5580000, 0x00000000d6a80000, 0x0000000100000000)
  eden space 18432K, 100% used [0x00000000d5580000,0x00000000d6780000,0x00000000d6780000)
  from space 1536K, 85% used [0x00000000d6900000,0x00000000d6a48000,0x00000000d6a80000)
  to   space 1536K, 0% used [0x00000000d6780000,0x00000000d6780000,0x00000000d6900000)
 ParOldGen       total 68608K, used 46888K [0x0000000080000000, 0x0000000084300000, 0x00000000d5580000)
  object space 68608K, 68% used [0x0000000080000000,0x0000000082dca398,0x0000000084300000)
 Metaspace       used 50635K, committed 52032K, reserved 1114112K
  class space    used 5514K, committed 6144K, reserved 1048576K
}
Event: 8.010 GC heap after
{Heap after GC invocations=37 (full 2):
 PSYoungGen      total 19968K, used 1512K [0x00000000d5580000, 0x00000000d6e80000, 0x0000000100000000)
  eden space 18432K, 0% used [0x00000000d5580000,0x00000000d5580000,0x00000000d6780000)
  from space 1536K, 98% used [0x00000000d6780000,0x00000000d68fa000,0x00000000d6900000)
  to   space 3584K, 0% used [0x00000000d6b00000,0x00000000d6b00000,0x00000000d6e80000)
 ParOldGen       total 68608K, used 48448K [0x0000000080000000, 0x0000000084300000, 0x00000000d5580000)
  object space 68608K, 70% used [0x0000000080000000,0x0000000082f503a8,0x0000000084300000)
 Metaspace       used 50635K, committed 52032K, reserved 1114112K
  class space    used 5514K, committed 6144K, reserved 1048576K
}
Event: 8.051 GC heap before
{Heap before GC invocations=38 (full 2):
 PSYoungGen      total 19968K, used 19944K [0x00000000d5580000, 0x00000000d6e80000, 0x0000000100000000)
  eden space 18432K, 100% used [0x00000000d5580000,0x00000000d6780000,0x00000000d6780000)
  from space 1536K, 98% used [0x00000000d6780000,0x00000000d68fa000,0x00000000d6900000)
  to   space 3584K, 0% used [0x00000000d6b00000,0x00000000d6b00000,0x00000000d6e80000)
 ParOldGen       total 68608K, used 48448K [0x0000000080000000, 0x0000000084300000, 0x00000000d5580000)
  object space 68608K, 70% used [0x0000000080000000,0x0000000082f503a8,0x0000000084300000)
 Metaspace       used 50701K, committed 52096K, reserved 1114112K
  class space    used 5514K, committed 6144K, reserved 1048576K
}
Event: 8.054 GC heap after
{Heap after GC invocations=38 (full 2):
 PSYoungGen      total 19968K, used 1472K [0x00000000d5580000, 0x00000000d6c80000, 0x0000000100000000)
  eden space 18432K, 0% used [0x00000000d5580000,0x00000000d5580000,0x00000000d6780000)
  from space 1536K, 95% used [0x00000000d6b00000,0x00000000d6c70000,0x00000000d6c80000)
  to   space 2048K, 0% used [0x00000000d6880000,0x00000000d6880000,0x00000000d6a80000)
 ParOldGen       total 68608K, used 49912K [0x0000000080000000, 0x0000000084300000, 0x00000000d5580000)
  object space 68608K, 72% used [0x0000000080000000,0x00000000830be3a8,0x0000000084300000)
 Metaspace       used 50701K, committed 52096K, reserved 1114112K
  class space    used 5514K, committed 6144K, reserved 1048576K
}
Event: 8.202 GC heap before
{Heap before GC invocations=39 (full 2):
 PSYoungGen      total 19968K, used 19904K [0x00000000d5580000, 0x00000000d6c80000, 0x0000000100000000)
  eden space 18432K, 100% used [0x00000000d5580000,0x00000000d6780000,0x00000000d6780000)
  from space 1536K, 95% used [0x00000000d6b00000,0x00000000d6c70000,0x00000000d6c80000)
  to   space 2048K, 0% used [0x00000000d6880000,0x00000000d6880000,0x00000000d6a80000)
 ParOldGen       total 68608K, used 49912K [0x0000000080000000, 0x0000000084300000, 0x00000000d5580000)
  object space 68608K, 72% used [0x0000000080000000,0x00000000830be3a8,0x0000000084300000)
 Metaspace       used 52344K, committed 53760K, reserved 1114112K
  class space    used 5694K, committed 6336K, reserved 1048576K
}
Event: 8.205 GC heap after
{Heap after GC invocations=39 (full 2):
 PSYoungGen      total 20480K, used 1773K [0x00000000d5580000, 0x00000000d6b80000, 0x0000000100000000)
  eden space 18432K, 0% used [0x00000000d5580000,0x00000000d5580000,0x00000000d6780000)
  from space 2048K, 86% used [0x00000000d6880000,0x00000000d6a3b540,0x00000000d6a80000)
  to   space 1024K, 0% used [0x00000000d6a80000,0x00000000d6a80000,0x00000000d6b80000)
 ParOldGen       total 68608K, used 51240K [0x0000000080000000, 0x0000000084300000, 0x00000000d5580000)
  object space 68608K, 74% used [0x0000000080000000,0x000000008320a3a8,0x0000000084300000)
 Metaspace       used 52344K, committed 53760K, reserved 1114112K
  class space    used 5694K, committed 6336K, reserved 1048576K
}
Event: 8.543 GC heap before
{Heap before GC invocations=40 (full 2):
 PSYoungGen      total 20480K, used 20205K [0x00000000d5580000, 0x00000000d6b80000, 0x0000000100000000)
  eden space 18432K, 100% used [0x00000000d5580000,0x00000000d6780000,0x00000000d6780000)
  from space 2048K, 86% used [0x00000000d6880000,0x00000000d6a3b540,0x00000000d6a80000)
  to   space 1024K, 0% used [0x00000000d6a80000,0x00000000d6a80000,0x00000000d6b80000)
 ParOldGen       total 68608K, used 51240K [0x0000000080000000, 0x0000000084300000, 0x00000000d5580000)
  object space 68608K, 74% used [0x0000000080000000,0x000000008320a3a8,0x0000000084300000)
 Metaspace       used 53296K, committed 54656K, reserved 1114112K
  class space    used 5809K, committed 6400K, reserved 1048576K
}
Event: 8.545 GC heap after
{Heap after GC invocations=40 (full 2):
 PSYoungGen      total 19456K, used 656K [0x00000000d5580000, 0x00000000d6b80000, 0x0000000100000000)
  eden space 18432K, 0% used [0x00000000d5580000,0x00000000d5580000,0x00000000d6780000)
  from space 1024K, 64% used [0x00000000d6a80000,0x00000000d6b24020,0x00000000d6b80000)
  to   space 1536K, 0% used [0x00000000d6880000,0x00000000d6880000,0x00000000d6a00000)
 ParOldGen       total 68608K, used 52731K [0x0000000080000000, 0x0000000084300000, 0x00000000d5580000)
  object space 68608K, 76% used [0x0000000080000000,0x000000008337ed68,0x0000000084300000)
 Metaspace       used 53296K, committed 54656K, reserved 1114112K
  class space    used 5809K, committed 6400K, reserved 1048576K
}
Event: 8.779 GC heap before
{Heap before GC invocations=41 (full 2):
 PSYoungGen      total 19456K, used 19088K [0x00000000d5580000, 0x00000000d6b80000, 0x0000000100000000)
  eden space 18432K, 100% used [0x00000000d5580000,0x00000000d6780000,0x00000000d6780000)
  from space 1024K, 64% used [0x00000000d6a80000,0x00000000d6b24020,0x00000000d6b80000)
  to   space 1536K, 0% used [0x00000000d6880000,0x00000000d6880000,0x00000000d6a00000)
 ParOldGen       total 68608K, used 52731K [0x0000000080000000, 0x0000000084300000, 0x00000000d5580000)
  object space 68608K, 76% used [0x0000000080000000,0x000000008337ed68,0x0000000084300000)
 Metaspace       used 54807K, committed 56128K, reserved 1114112K
  class space    used 5947K, committed 6528K, reserved 1048576K
}
Event: 8.780 GC heap after
{Heap after GC invocations=41 (full 2):
 PSYoungGen      total 19968K, used 1053K [0x00000000d5580000, 0x00000000d6b00000, 0x0000000100000000)
  eden space 18432K, 0% used [0x00000000d5580000,0x00000000d5580000,0x00000000d6780000)
  from space 1536K, 68% used [0x00000000d6880000,0x00000000d69876d0,0x00000000d6a00000)
  to   space 1024K, 0% used [0x00000000d6a00000,0x00000000d6a00000,0x00000000d6b00000)
 ParOldGen       total 68608K, used 53168K [0x0000000080000000, 0x0000000084300000, 0x00000000d5580000)
  object space 68608K, 77% used [0x0000000080000000,0x00000000833ec150,0x0000000084300000)
 Metaspace       used 54807K, committed 56128K, reserved 1114112K
  class space    used 5947K, committed 6528K, reserved 1048576K
}
Event: 8.905 GC heap before
{Heap before GC invocations=42 (full 2):
 PSYoungGen      total 19968K, used 19459K [0x00000000d5580000, 0x00000000d6b00000, 0x0000000100000000)
  eden space 18432K, 99% used [0x00000000d5580000,0x00000000d6779718,0x00000000d6780000)
  from space 1536K, 68% used [0x00000000d6880000,0x00000000d69876d0,0x00000000d6a00000)
  to   space 1024K, 0% used [0x00000000d6a00000,0x00000000d6a00000,0x00000000d6b00000)
 ParOldGen       total 68608K, used 53168K [0x0000000080000000, 0x0000000084300000, 0x00000000d5580000)
  object space 68608K, 77% used [0x0000000080000000,0x00000000833ec150,0x0000000084300000)
 Metaspace       used 55941K, committed 57344K, reserved 1114112K
  class space    used 6050K, committed 6656K, reserved 1048576K
}
Event: 8.907 GC heap after
{Heap after GC invocations=42 (full 2):
 PSYoungGen      total 16384K, used 1014K [0x00000000d5580000, 0x00000000d7280000, 0x0000000100000000)
  eden space 15360K, 0% used [0x00000000d5580000,0x00000000d5580000,0x00000000d6480000)
  from space 1024K, 99% used [0x00000000d6a00000,0x00000000d6afd908,0x00000000d6b00000)
  to   space 5632K, 0% used [0x00000000d6480000,0x00000000d6480000,0x00000000d6a00000)
 ParOldGen       total 68608K, used 56900K [0x0000000080000000, 0x0000000084300000, 0x00000000d5580000)
  object space 68608K, 82% used [0x0000000080000000,0x0000000083791320,0x0000000084300000)
 Metaspace       used 55941K, committed 57344K, reserved 1114112K
  class space    used 6050K, committed 6656K, reserved 1048576K
}
Event: 8.956 GC heap before
{Heap before GC invocations=43 (full 2):
 PSYoungGen      total 16384K, used 16374K [0x00000000d5580000, 0x00000000d7280000, 0x0000000100000000)
  eden space 15360K, 99% used [0x00000000d5580000,0x00000000d647ffb0,0x00000000d6480000)
  from space 1024K, 99% used [0x00000000d6a00000,0x00000000d6afd908,0x00000000d6b00000)
  to   space 5632K, 0% used [0x00000000d6480000,0x00000000d6480000,0x00000000d6a00000)
 ParOldGen       total 68608K, used 56900K [0x0000000080000000, 0x0000000084300000, 0x00000000d5580000)
  object space 68608K, 82% used [0x0000000080000000,0x0000000083791320,0x0000000084300000)
 Metaspace       used 56350K, committed 57728K, reserved 1114112K
  class space    used 6085K, committed 6656K, reserved 1048576K
}
Event: 8.958 GC heap after
{Heap after GC invocations=43 (full 2):
 PSYoungGen      total 17408K, used 1950K [0x00000000d5580000, 0x00000000d6a80000, 0x0000000100000000)
  eden space 15360K, 0% used [0x00000000d5580000,0x00000000d5580000,0x00000000d6480000)
  from space 2048K, 95% used [0x00000000d6480000,0x00000000d66678d0,0x00000000d6680000)
  to   space 3072K, 0% used [0x00000000d6780000,0x00000000d6780000,0x00000000d6a80000)
 ParOldGen       total 68608K, used 57917K [0x0000000080000000, 0x0000000084300000, 0x00000000d5580000)
  object space 68608K, 84% used [0x0000000080000000,0x000000008388f660,0x0000000084300000)
 Metaspace       used 56350K, committed 57728K, reserved 1114112K
  class space    used 6085K, committed 6656K, reserved 1048576K
}
Event: 9.003 GC heap before
{Heap before GC invocations=44 (full 2):
 PSYoungGen      total 17408K, used 17310K [0x00000000d5580000, 0x00000000d6a80000, 0x0000000100000000)
  eden space 15360K, 100% used [0x00000000d5580000,0x00000000d6480000,0x00000000d6480000)
  from space 2048K, 95% used [0x00000000d6480000,0x00000000d66678d0,0x00000000d6680000)
  to   space 3072K, 0% used [0x00000000d6780000,0x00000000d6780000,0x00000000d6a80000)
 ParOldGen       total 68608K, used 57917K [0x0000000080000000, 0x0000000084300000, 0x00000000d5580000)
  object space 68608K, 84% used [0x0000000080000000,0x000000008388f660,0x0000000084300000)
 Metaspace       used 56718K, committed 58112K, reserved 1114112K
  class space    used 6121K, committed 6720K, reserved 1048576K
}
Event: 9.006 GC heap after
{Heap after GC invocations=44 (full 2):
 PSYoungGen      total 16384K, used 937K [0x00000000d5580000, 0x00000000d6880000, 0x0000000100000000)
  eden space 15360K, 0% used [0x00000000d5580000,0x00000000d5580000,0x00000000d6480000)
  from space 1024K, 91% used [0x00000000d6780000,0x00000000d686a7b0,0x00000000d6880000)
  to   space 1536K, 0% used [0x00000000d6580000,0x00000000d6580000,0x00000000d6700000)
 ParOldGen       total 68608K, used 58716K [0x0000000080000000, 0x0000000084300000, 0x00000000d5580000)
  object space 68608K, 85% used [0x0000000080000000,0x0000000083957200,0x0000000084300000)
 Metaspace       used 56718K, committed 58112K, reserved 1114112K
  class space    used 6121K, committed 6720K, reserved 1048576K
}
Event: 9.091 GC heap before
{Heap before GC invocations=45 (full 2):
 PSYoungGen      total 16384K, used 16297K [0x00000000d5580000, 0x00000000d6880000, 0x0000000100000000)
  eden space 15360K, 100% used [0x00000000d5580000,0x00000000d6480000,0x00000000d6480000)
  from space 1024K, 91% used [0x00000000d6780000,0x00000000d686a7b0,0x00000000d6880000)
  to   space 1536K, 0% used [0x00000000d6580000,0x00000000d6580000,0x00000000d6700000)
 ParOldGen       total 68608K, used 58716K [0x0000000080000000, 0x0000000084300000, 0x00000000d5580000)
  object space 68608K, 85% used [0x0000000080000000,0x0000000083957200,0x0000000084300000)
 Metaspace       used 57676K, committed 59136K, reserved 1114112K
  class space    used 6209K, committed 6848K, reserved 1048576K
}
Event: 9.092 GC heap after
{Heap after GC invocations=45 (full 2):
 PSYoungGen      total 16896K, used 240K [0x00000000d5580000, 0x00000000d6800000, 0x0000000100000000)
  eden space 15360K, 0% used [0x00000000d5580000,0x00000000d5580000,0x00000000d6480000)
  from space 1536K, 15% used [0x00000000d6580000,0x00000000d65bc010,0x00000000d6700000)
  to   space 1024K, 0% used [0x00000000d6700000,0x00000000d6700000,0x00000000d6800000)
 ParOldGen       total 68608K, used 58772K [0x0000000080000000, 0x0000000084300000, 0x00000000d5580000)
  object space 68608K, 85% used [0x0000000080000000,0x0000000083965200,0x0000000084300000)
 Metaspace       used 57676K, committed 59136K, reserved 1114112K
  class space    used 6209K, committed 6848K, reserved 1048576K
}

