# JRE version: OpenJDK Runtime Environment Temurin-21.0.8+9 (21.0.8+9) (build 21.0.8+9-LTS)
# Java VM: OpenJDK 64-Bit Server VM Temurin-21.0.8+9 (21.0.8+9-LTS, mixed mode, sharing, tiered, compressed oops, compressed class ptrs, parallel gc, windows-amd64)
GC Precious Log:
 CardTable entry size: 512
 CPUs: 8 total, 8 available
 Memory: 11930M
 Large Page Support: Disabled
 NUMA Support: Disabled
 Compressed Oops: Enabled (32-bit)
 Alignments: Space 512K, Generation 512K, Heap 2M
 Heap Min Capacity: 100M
 Heap Initial Capacity: 100M
 Heap Max Capacity: 2G
 Pre-touch: Disabled
 Parallel Workers: 8
Heap:
 PSYoungGen      total 23040K, used 15209K [0x00000000d5580000, 0x00000000d7000000, 0x0000000100000000)
  eden space 22016K, 65% used [0x00000000d5580000,0x00000000d63824c0,0x00000000d6b00000)
  from space 1024K, 84% used [0x00000000d6e80000,0x00000000d6f58000,0x00000000d6f80000)
  to   space 512K, 0% used [0x00000000d6f80000,0x00000000d6f80000,0x00000000d7000000)
 ParOldGen       total 68608K, used 22564K [0x0000000080000000, 0x0000000084300000, 0x00000000d5580000)
  object space 68608K, 32% used [0x0000000080000000,0x0000000081609000,0x0000000084300000)
 Metaspace       used 44881K, committed 46080K, reserved 1114112K
  class space    used 4875K, committed 5376K, reserved 1048576K
GC Heap History (20 events):
Event: 3.407 GC heap before
{Heap before GC invocations=10 (full 1):
 PSYoungGen      total 25600K, used 25371K [0x00000000d5580000, 0x00000000d7480000, 0x0000000100000000)
  eden space 24064K, 100% used [0x00000000d5580000,0x00000000d6d00000,0x00000000d6d00000)
  from space 1536K, 85% used [0x00000000d7300000,0x00000000d7446e18,0x00000000d7480000)
  to   space 2560K, 0% used [0x00000000d6f80000,0x00000000d6f80000,0x00000000d7200000)
 ParOldGen       total 68608K, used 13216K [0x0000000080000000, 0x0000000084300000, 0x00000000d5580000)
  object space 68608K, 19% used [0x0000000080000000,0x0000000080ce8048,0x0000000084300000)
 Metaspace       used 26444K, committed 27456K, reserved 1114112K
  class space    used 2660K, committed 3072K, reserved 1048576K
}
Event: 3.408 GC heap after
{Heap after GC invocations=10 (full 1):
 PSYoungGen      total 26112K, used 1230K [0x00000000d5580000, 0x00000000d7380000, 0x0000000100000000)
  eden space 23552K, 0% used [0x00000000d5580000,0x00000000d5580000,0x00000000d6c80000)
  from space 2560K, 48% used [0x00000000d6f80000,0x00000000d70b3ba0,0x00000000d7200000)
  to   space 1536K, 0% used [0x00000000d7200000,0x00000000d7200000,0x00000000d7380000)
 ParOldGen       total 68608K, used 13216K [0x0000000080000000, 0x0000000084300000, 0x00000000d5580000)
  object space 68608K, 19% used [0x0000000080000000,0x0000000080ce8048,0x0000000084300000)
 Metaspace       used 26444K, committed 27456K, reserved 1114112K
  class space    used 2660K, committed 3072K, reserved 1048576K
}
Event: 3.562 GC heap before
{Heap before GC invocations=11 (full 1):
 PSYoungGen      total 26112K, used 24782K [0x00000000d5580000, 0x00000000d7380000, 0x0000000100000000)
  eden space 23552K, 100% used [0x00000000d5580000,0x00000000d6c80000,0x00000000d6c80000)
  from space 2560K, 48% used [0x00000000d6f80000,0x00000000d70b3ba0,0x00000000d7200000)
  to   space 1536K, 0% used [0x00000000d7200000,0x00000000d7200000,0x00000000d7380000)
 ParOldGen       total 68608K, used 13216K [0x0000000080000000, 0x0000000084300000, 0x00000000d5580000)
  object space 68608K, 19% used [0x0000000080000000,0x0000000080ce8048,0x0000000084300000)
 Metaspace       used 27963K, committed 28992K, reserved 1114112K
  class space    used 2780K, committed 3200K, reserved 1048576K
}
Event: 3.564 GC heap after
{Heap after GC invocations=11 (full 1):
 PSYoungGen      total 24576K, used 1209K [0x00000000d5580000, 0x00000000d7380000, 0x0000000100000000)
  eden space 23040K, 0% used [0x00000000d5580000,0x00000000d5580000,0x00000000d6c00000)
  from space 1536K, 78% used [0x00000000d7200000,0x00000000d732e610,0x00000000d7380000)
  to   space 1536K, 0% used [0x00000000d7080000,0x00000000d7080000,0x00000000d7200000)
 ParOldGen       total 68608K, used 15638K [0x0000000080000000, 0x0000000084300000, 0x00000000d5580000)
  object space 68608K, 22% used [0x0000000080000000,0x0000000080f45898,0x0000000084300000)
 Metaspace       used 27963K, committed 28992K, reserved 1114112K
  class space    used 2780K, committed 3200K, reserved 1048576K
}
Event: 3.799 GC heap before
{Heap before GC invocations=12 (full 1):
 PSYoungGen      total 24576K, used 24249K [0x00000000d5580000, 0x00000000d7380000, 0x0000000100000000)
  eden space 23040K, 100% used [0x00000000d5580000,0x00000000d6c00000,0x00000000d6c00000)
  from space 1536K, 78% used [0x00000000d7200000,0x00000000d732e610,0x00000000d7380000)
  to   space 1536K, 0% used [0x00000000d7080000,0x00000000d7080000,0x00000000d7200000)
 ParOldGen       total 68608K, used 15638K [0x0000000080000000, 0x0000000084300000, 0x00000000d5580000)
  object space 68608K, 22% used [0x0000000080000000,0x0000000080f45898,0x0000000084300000)
 Metaspace       used 31371K, committed 32512K, reserved 1114112K
  class space    used 3147K, committed 3648K, reserved 1048576K
}
Event: 3.802 GC heap after
{Heap after GC invocations=12 (full 1):
 PSYoungGen      total 24064K, used 1505K [0x00000000d5580000, 0x00000000d7280000, 0x0000000100000000)
  eden space 22528K, 0% used [0x00000000d5580000,0x00000000d5580000,0x00000000d6b80000)
  from space 1536K, 98% used [0x00000000d7080000,0x00000000d71f86c0,0x00000000d7200000)
  to   space 512K, 0% used [0x00000000d7200000,0x00000000d7200000,0x00000000d7280000)
 ParOldGen       total 68608K, used 17369K [0x0000000080000000, 0x0000000084300000, 0x00000000d5580000)
  object space 68608K, 25% used [0x0000000080000000,0x00000000810f64c8,0x0000000084300000)
 Metaspace       used 31371K, committed 32512K, reserved 1114112K
  class space    used 3147K, committed 3648K, reserved 1048576K
}
Event: 3.975 GC heap before
{Heap before GC invocations=13 (full 1):
 PSYoungGen      total 24064K, used 24033K [0x00000000d5580000, 0x00000000d7280000, 0x0000000100000000)
  eden space 22528K, 100% used [0x00000000d5580000,0x00000000d6b80000,0x00000000d6b80000)
  from space 1536K, 98% used [0x00000000d7080000,0x00000000d71f86c0,0x00000000d7200000)
  to   space 512K, 0% used [0x00000000d7200000,0x00000000d7200000,0x00000000d7280000)
 ParOldGen       total 68608K, used 17369K [0x0000000080000000, 0x0000000084300000, 0x00000000d5580000)
  object space 68608K, 25% used [0x0000000080000000,0x00000000810f64c8,0x0000000084300000)
 Metaspace       used 33996K, committed 35072K, reserved 1114112K
  class space    used 3494K, committed 3968K, reserved 1048576K
}
Event: 3.978 GC heap after
{Heap after GC invocations=13 (full 1):
 PSYoungGen      total 22528K, used 512K [0x00000000d5580000, 0x00000000d7300000, 0x0000000100000000)
  eden space 22016K, 0% used [0x00000000d5580000,0x00000000d5580000,0x00000000d6b00000)
  from space 512K, 100% used [0x00000000d7200000,0x00000000d7280000,0x00000000d7280000)
  to   space 4096K, 0% used [0x00000000d6b00000,0x00000000d6b00000,0x00000000d6f00000)
 ParOldGen       total 68608K, used 20440K [0x0000000080000000, 0x0000000084300000, 0x00000000d5580000)
  object space 68608K, 29% used [0x0000000080000000,0x00000000813f6118,0x0000000084300000)
 Metaspace       used 33996K, committed 35072K, reserved 1114112K
  class space    used 3494K, committed 3968K, reserved 1048576K
}
Event: 4.012 GC heap before
{Heap before GC invocations=14 (full 1):
 PSYoungGen      total 22528K, used 6229K [0x00000000d5580000, 0x00000000d7300000, 0x0000000100000000)
  eden space 22016K, 25% used [0x00000000d5580000,0x00000000d5b156f8,0x00000000d6b00000)
  from space 512K, 100% used [0x00000000d7200000,0x00000000d7280000,0x00000000d7280000)
  to   space 4096K, 0% used [0x00000000d6b00000,0x00000000d6b00000,0x00000000d6f00000)
 ParOldGen       total 68608K, used 20440K [0x0000000080000000, 0x0000000084300000, 0x00000000d5580000)
  object space 68608K, 29% used [0x0000000080000000,0x00000000813f6118,0x0000000084300000)
 Metaspace       used 34725K, committed 35840K, reserved 1114112K
  class space    used 3570K, committed 4096K, reserved 1048576K
}
Event: 4.014 GC heap after
{Heap after GC invocations=14 (full 1):
 PSYoungGen      total 26112K, used 448K [0x00000000d5580000, 0x00000000d7280000, 0x0000000100000000)
  eden space 22016K, 0% used [0x00000000d5580000,0x00000000d5580000,0x00000000d6b00000)
  from space 4096K, 10% used [0x00000000d6b00000,0x00000000d6b70000,0x00000000d6f00000)
  to   space 2048K, 0% used [0x00000000d7080000,0x00000000d7080000,0x00000000d7280000)
 ParOldGen       total 68608K, used 20972K [0x0000000080000000, 0x0000000084300000, 0x00000000d5580000)
  object space 68608K, 30% used [0x0000000080000000,0x000000008147b1c0,0x0000000084300000)
 Metaspace       used 34725K, committed 35840K, reserved 1114112K
  class space    used 3570K, committed 4096K, reserved 1048576K
}
Event: 4.014 GC heap before
{Heap before GC invocations=15 (full 2):
 PSYoungGen      total 26112K, used 448K [0x00000000d5580000, 0x00000000d7280000, 0x0000000100000000)
  eden space 22016K, 0% used [0x00000000d5580000,0x00000000d5580000,0x00000000d6b00000)
  from space 4096K, 10% used [0x00000000d6b00000,0x00000000d6b70000,0x00000000d6f00000)
  to   space 2048K, 0% used [0x00000000d7080000,0x00000000d7080000,0x00000000d7280000)
 ParOldGen       total 68608K, used 20972K [0x0000000080000000, 0x0000000084300000, 0x00000000d5580000)
  object space 68608K, 30% used [0x0000000080000000,0x000000008147b1c0,0x0000000084300000)
 Metaspace       used 34725K, committed 35840K, reserved 1114112K
  class space    used 3570K, committed 4096K, reserved 1048576K
}
Event: 4.042 GC heap after
{Heap after GC invocations=15 (full 2):
 PSYoungGen      total 26112K, used 0K [0x00000000d5580000, 0x00000000d7280000, 0x0000000100000000)
  eden space 22016K, 0% used [0x00000000d5580000,0x00000000d5580000,0x00000000d6b00000)
  from space 4096K, 0% used [0x00000000d6b00000,0x00000000d6b00000,0x00000000d6f00000)
  to   space 2048K, 0% used [0x00000000d7080000,0x00000000d7080000,0x00000000d7280000)
 ParOldGen       total 68608K, used 19892K [0x0000000080000000, 0x0000000084300000, 0x00000000d5580000)
  object space 68608K, 28% used [0x0000000080000000,0x000000008136d080,0x0000000084300000)
 Metaspace       used 34725K, committed 35840K, reserved 1114112K
  class space    used 3570K, committed 4096K, reserved 1048576K
}
Event: 4.248 GC heap before
{Heap before GC invocations=16 (full 2):
 PSYoungGen      total 26112K, used 22016K [0x00000000d5580000, 0x00000000d7280000, 0x0000000100000000)
  eden space 22016K, 100% used [0x00000000d5580000,0x00000000d6b00000,0x00000000d6b00000)
  from space 4096K, 0% used [0x00000000d6b00000,0x00000000d6b00000,0x00000000d6f00000)
  to   space 2048K, 0% used [0x00000000d7080000,0x00000000d7080000,0x00000000d7280000)
 ParOldGen       total 68608K, used 19892K [0x0000000080000000, 0x0000000084300000, 0x00000000d5580000)
  object space 68608K, 28% used [0x0000000080000000,0x000000008136d080,0x0000000084300000)
 Metaspace       used 36671K, committed 37824K, reserved 1114112K
  class space    used 3803K, committed 4352K, reserved 1048576K
}
Event: 4.250 GC heap after
{Heap after GC invocations=16 (full 2):
 PSYoungGen      total 23552K, used 1408K [0x00000000d5580000, 0x00000000d7200000, 0x0000000100000000)
  eden space 22016K, 0% used [0x00000000d5580000,0x00000000d5580000,0x00000000d6b00000)
  from space 1536K, 91% used [0x00000000d7080000,0x00000000d71e0000,0x00000000d7200000)
  to   space 2048K, 0% used [0x00000000d6e00000,0x00000000d6e00000,0x00000000d7000000)
 ParOldGen       total 68608K, used 19900K [0x0000000080000000, 0x0000000084300000, 0x00000000d5580000)
  object space 68608K, 29% used [0x0000000080000000,0x000000008136f080,0x0000000084300000)
 Metaspace       used 36671K, committed 37824K, reserved 1114112K
  class space    used 3803K, committed 4352K, reserved 1048576K
}
Event: 4.418 GC heap before
{Heap before GC invocations=17 (full 2):
 PSYoungGen      total 23552K, used 23424K [0x00000000d5580000, 0x00000000d7200000, 0x0000000100000000)
  eden space 22016K, 100% used [0x00000000d5580000,0x00000000d6b00000,0x00000000d6b00000)
  from space 1536K, 91% used [0x00000000d7080000,0x00000000d71e0000,0x00000000d7200000)
  to   space 2048K, 0% used [0x00000000d6e00000,0x00000000d6e00000,0x00000000d7000000)
 ParOldGen       total 68608K, used 19900K [0x0000000080000000, 0x0000000084300000, 0x00000000d5580000)
  object space 68608K, 29% used [0x0000000080000000,0x000000008136f080,0x0000000084300000)
 Metaspace       used 39544K, committed 40768K, reserved 1114112K
  class space    used 4185K, committed 4736K, reserved 1048576K
}
Event: 4.420 GC heap after
{Heap after GC invocations=17 (full 2):
 PSYoungGen      total 23552K, used 1108K [0x00000000d5580000, 0x00000000d7100000, 0x0000000100000000)
  eden space 22016K, 0% used [0x00000000d5580000,0x00000000d5580000,0x00000000d6b00000)
  from space 1536K, 72% used [0x00000000d6e00000,0x00000000d6f153e8,0x00000000d6f80000)
  to   space 1536K, 0% used [0x00000000d6f80000,0x00000000d6f80000,0x00000000d7100000)
 ParOldGen       total 68608K, used 21188K [0x0000000080000000, 0x0000000084300000, 0x00000000d5580000)
  object space 68608K, 30% used [0x0000000080000000,0x00000000814b1090,0x0000000084300000)
 Metaspace       used 39544K, committed 40768K, reserved 1114112K
  class space    used 4185K, committed 4736K, reserved 1048576K
}
Event: 4.637 GC heap before
{Heap before GC invocations=18 (full 2):
 PSYoungGen      total 23552K, used 23116K [0x00000000d5580000, 0x00000000d7100000, 0x0000000100000000)
  eden space 22016K, 99% used [0x00000000d5580000,0x00000000d6afde88,0x00000000d6b00000)
  from space 1536K, 72% used [0x00000000d6e00000,0x00000000d6f153e8,0x00000000d6f80000)
  to   space 1536K, 0% used [0x00000000d6f80000,0x00000000d6f80000,0x00000000d7100000)
 ParOldGen       total 68608K, used 21188K [0x0000000080000000, 0x0000000084300000, 0x00000000d5580000)
  object space 68608K, 30% used [0x0000000080000000,0x00000000814b1090,0x0000000084300000)
 Metaspace       used 40980K, committed 42112K, reserved 1114112K
  class space    used 4368K, committed 4864K, reserved 1048576K
}
Event: 4.639 GC heap after
{Heap after GC invocations=18 (full 2):
 PSYoungGen      total 23040K, used 640K [0x00000000d5580000, 0x00000000d7080000, 0x0000000100000000)
  eden space 22016K, 0% used [0x00000000d5580000,0x00000000d5580000,0x00000000d6b00000)
  from space 1024K, 62% used [0x00000000d6f80000,0x00000000d7020000,0x00000000d7080000)
  to   space 1024K, 0% used [0x00000000d6e80000,0x00000000d6e80000,0x00000000d6f80000)
 ParOldGen       total 68608K, used 22132K [0x0000000080000000, 0x0000000084300000, 0x00000000d5580000)
  object space 68608K, 32% used [0x0000000080000000,0x000000008159d000,0x0000000084300000)
 Metaspace       used 40980K, committed 42112K, reserved 1114112K
  class space    used 4368K, committed 4864K, reserved 1048576K
}
Event: 4.888 GC heap before
{Heap before GC invocations=19 (full 2):
 PSYoungGen      total 23040K, used 22656K [0x00000000d5580000, 0x00000000d7080000, 0x0000000100000000)
  eden space 22016K, 100% used [0x00000000d5580000,0x00000000d6b00000,0x00000000d6b00000)
  from space 1024K, 62% used [0x00000000d6f80000,0x00000000d7020000,0x00000000d7080000)
  to   space 1024K, 0% used [0x00000000d6e80000,0x00000000d6e80000,0x00000000d6f80000)
 ParOldGen       total 68608K, used 22132K [0x0000000080000000, 0x0000000084300000, 0x00000000d5580000)
  object space 68608K, 32% used [0x0000000080000000,0x000000008159d000,0x0000000084300000)
 Metaspace       used 43221K, committed 44416K, reserved 1114112K
  class space    used 4666K, committed 5184K, reserved 1048576K
}
Event: 4.889 GC heap after
{Heap after GC invocations=19 (full 2):
 PSYoungGen      total 23040K, used 864K [0x00000000d5580000, 0x00000000d7000000, 0x0000000100000000)
  eden space 22016K, 0% used [0x00000000d5580000,0x00000000d5580000,0x00000000d6b00000)
  from space 1024K, 84% used [0x00000000d6e80000,0x00000000d6f58000,0x00000000d6f80000)
  to   space 512K, 0% used [0x00000000d6f80000,0x00000000d6f80000,0x00000000d7000000)
 ParOldGen       total 68608K, used 22564K [0x0000000080000000, 0x0000000084300000, 0x00000000d5580000)
  object space 68608K, 32% used [0x0000000080000000,0x0000000081609000,0x0000000084300000)
 Metaspace       used 43221K, committed 44416K, reserved 1114112K
  class space    used 4666K, committed 5184K, reserved 1048576K
}

