# JRE version: OpenJDK Runtime Environment Temurin-21.0.8+9 (21.0.8+9) (build 21.0.8+9-LTS)
# Java VM: OpenJDK 64-Bit Server VM Temurin-21.0.8+9 (21.0.8+9-LTS, mixed mode, sharing, tiered, compressed oops, compressed class ptrs, parallel gc, windows-amd64)
GC Precious Log:
 CardTable entry size: 512
 CPUs: 8 total, 8 available
 Memory: 11930M
 Large Page Support: Disabled
 NUMA Support: Disabled
 Compressed Oops: Enabled (32-bit)
 Alignments: Space 512K, Generation 512K, Heap 2M
 Heap Min Capacity: 100M
 Heap Initial Capacity: 100M
 Heap Max Capacity: 2G
 Pre-touch: Disabled
 Parallel Workers: 8
Heap:
 PSYoungGen      total 2560K, used 432K [0x00000000d5580000, 0x00000000d5900000, 0x0000000100000000)
  eden space 2048K, 0% used [0x00000000d5580000,0x00000000d55842d0,0x00000000d5780000)
  from space 512K, 81% used [0x00000000d5800000,0x00000000d5868000,0x00000000d5880000)
  to   space 512K, 0% used [0x00000000d5880000,0x00000000d5880000,0x00000000d5900000)
 ParOldGen       total 273920K, used 273772K [0x0000000080000000, 0x0000000090b80000, 0x00000000d5580000)
  object space 273920K, 99% used [0x0000000080000000,0x0000000090b5b0e0,0x0000000090b80000)
 Metaspace       used 72115K, committed 73792K, reserved 1179648K
  class space    used 7574K, committed 8256K, reserved 1048576K
GC Heap History (20 events):
Event: 27.817 GC heap before
{Heap before GC invocations=272 (full 3):
 PSYoungGen      total 2560K, used 2358K [0x00000000d5580000, 0x00000000d5900000, 0x0000000100000000)
  eden space 2048K, 99% used [0x00000000d5580000,0x00000000d577d918,0x00000000d5780000)
  from space 512K, 62% used [0x00000000d5880000,0x00000000d58d0000,0x00000000d5900000)
  to   space 512K, 0% used [0x00000000d5800000,0x00000000d5800000,0x00000000d5880000)
 ParOldGen       total 270336K, used 270299K [0x0000000080000000, 0x0000000090800000, 0x00000000d5580000)
  object space 270336K, 99% used [0x0000000080000000,0x00000000907f6c68,0x0000000090800000)
 Metaspace       used 71959K, committed 73600K, reserved 1179648K
  class space    used 7568K, committed 8256K, reserved 1048576K
}
Event: 27.820 GC heap after
{Heap after GC invocations=272 (full 3):
 PSYoungGen      total 2560K, used 496K [0x00000000d5580000, 0x00000000d5980000, 0x0000000100000000)
  eden space 2048K, 0% used [0x00000000d5580000,0x00000000d5580000,0x00000000d5780000)
  from space 512K, 97% used [0x00000000d5800000,0x00000000d587c368,0x00000000d5880000)
  to   space 1024K, 0% used [0x00000000d5880000,0x00000000d5880000,0x00000000d5980000)
 ParOldGen       total 270848K, used 270547K [0x0000000080000000, 0x0000000090880000, 0x00000000d5580000)
  object space 270848K, 99% used [0x0000000080000000,0x0000000090834c68,0x0000000090880000)
 Metaspace       used 71959K, committed 73600K, reserved 1179648K
  class space    used 7568K, committed 8256K, reserved 1048576K
}
Event: 27.876 GC heap before
{Heap before GC invocations=273 (full 3):
 PSYoungGen      total 2560K, used 2544K [0x00000000d5580000, 0x00000000d5980000, 0x0000000100000000)
  eden space 2048K, 100% used [0x00000000d5580000,0x00000000d5780000,0x00000000d5780000)
  from space 512K, 97% used [0x00000000d5800000,0x00000000d587c368,0x00000000d5880000)
  to   space 1024K, 0% used [0x00000000d5880000,0x00000000d5880000,0x00000000d5980000)
 ParOldGen       total 270848K, used 270547K [0x0000000080000000, 0x0000000090880000, 0x00000000d5580000)
  object space 270848K, 99% used [0x0000000080000000,0x0000000090834c68,0x0000000090880000)
 Metaspace       used 71965K, committed 73600K, reserved 1179648K
  class space    used 7568K, committed 8256K, reserved 1048576K
}
Event: 27.877 GC heap after
{Heap after GC invocations=273 (full 3):
 PSYoungGen      total 3072K, used 450K [0x00000000d5580000, 0x00000000d5980000, 0x0000000100000000)
  eden space 2048K, 0% used [0x00000000d5580000,0x00000000d5580000,0x00000000d5780000)
  from space 1024K, 44% used [0x00000000d5880000,0x00000000d58f0ac0,0x00000000d5980000)
  to   space 1024K, 0% used [0x00000000d5780000,0x00000000d5780000,0x00000000d5880000)
 ParOldGen       total 271360K, used 271094K [0x0000000080000000, 0x0000000090900000, 0x00000000d5580000)
  object space 271360K, 99% used [0x0000000080000000,0x00000000908bd8d0,0x0000000090900000)
 Metaspace       used 71965K, committed 73600K, reserved 1179648K
  class space    used 7568K, committed 8256K, reserved 1048576K
}
Event: 27.906 GC heap before
{Heap before GC invocations=274 (full 3):
 PSYoungGen      total 3072K, used 2498K [0x00000000d5580000, 0x00000000d5980000, 0x0000000100000000)
  eden space 2048K, 100% used [0x00000000d5580000,0x00000000d5780000,0x00000000d5780000)
  from space 1024K, 44% used [0x00000000d5880000,0x00000000d58f0ac0,0x00000000d5980000)
  to   space 1024K, 0% used [0x00000000d5780000,0x00000000d5780000,0x00000000d5880000)
 ParOldGen       total 271360K, used 271094K [0x0000000080000000, 0x0000000090900000, 0x00000000d5580000)
  object space 271360K, 99% used [0x0000000080000000,0x00000000908bd8d0,0x0000000090900000)
 Metaspace       used 72029K, committed 73728K, reserved 1179648K
  class space    used 7571K, committed 8256K, reserved 1048576K
}
Event: 27.914 GC heap after
{Heap after GC invocations=274 (full 3):
 PSYoungGen      total 3072K, used 404K [0x00000000d5580000, 0x00000000d5900000, 0x0000000100000000)
  eden space 2048K, 0% used [0x00000000d5580000,0x00000000d5580000,0x00000000d5780000)
  from space 1024K, 39% used [0x00000000d5780000,0x00000000d57e50e0,0x00000000d5880000)
  to   space 512K, 0% used [0x00000000d5880000,0x00000000d5880000,0x00000000d5900000)
 ParOldGen       total 271872K, used 271374K [0x0000000080000000, 0x0000000090980000, 0x00000000d5580000)
  object space 271872K, 99% used [0x0000000080000000,0x0000000090903b98,0x0000000090980000)
 Metaspace       used 72029K, committed 73728K, reserved 1179648K
  class space    used 7571K, committed 8256K, reserved 1048576K
}
Event: 27.947 GC heap before
{Heap before GC invocations=275 (full 3):
 PSYoungGen      total 3072K, used 2452K [0x00000000d5580000, 0x00000000d5900000, 0x0000000100000000)
  eden space 2048K, 100% used [0x00000000d5580000,0x00000000d5780000,0x00000000d5780000)
  from space 1024K, 39% used [0x00000000d5780000,0x00000000d57e50e0,0x00000000d5880000)
  to   space 512K, 0% used [0x00000000d5880000,0x00000000d5880000,0x00000000d5900000)
 ParOldGen       total 271872K, used 271374K [0x0000000080000000, 0x0000000090980000, 0x00000000d5580000)
  object space 271872K, 99% used [0x0000000080000000,0x0000000090903b98,0x0000000090980000)
 Metaspace       used 72038K, committed 73728K, reserved 1179648K
  class space    used 7571K, committed 8256K, reserved 1048576K
}
Event: 27.948 GC heap after
{Heap after GC invocations=275 (full 3):
 PSYoungGen      total 2560K, used 488K [0x00000000d5580000, 0x00000000d5980000, 0x0000000100000000)
  eden space 2048K, 0% used [0x00000000d5580000,0x00000000d5580000,0x00000000d5780000)
  from space 512K, 95% used [0x00000000d5880000,0x00000000d58fa2c0,0x00000000d5900000)
  to   space 1024K, 0% used [0x00000000d5780000,0x00000000d5780000,0x00000000d5880000)
 ParOldGen       total 271872K, used 271615K [0x0000000080000000, 0x0000000090980000, 0x00000000d5580000)
  object space 271872K, 99% used [0x0000000080000000,0x000000009093fc88,0x0000000090980000)
 Metaspace       used 72038K, committed 73728K, reserved 1179648K
  class space    used 7571K, committed 8256K, reserved 1048576K
}
Event: 27.965 GC heap before
{Heap before GC invocations=276 (full 3):
 PSYoungGen      total 2560K, used 2536K [0x00000000d5580000, 0x00000000d5980000, 0x0000000100000000)
  eden space 2048K, 100% used [0x00000000d5580000,0x00000000d5780000,0x00000000d5780000)
  from space 512K, 95% used [0x00000000d5880000,0x00000000d58fa2c0,0x00000000d5900000)
  to   space 1024K, 0% used [0x00000000d5780000,0x00000000d5780000,0x00000000d5880000)
 ParOldGen       total 271872K, used 271615K [0x0000000080000000, 0x0000000090980000, 0x00000000d5580000)
  object space 271872K, 99% used [0x0000000080000000,0x000000009093fc88,0x0000000090980000)
 Metaspace       used 72052K, committed 73728K, reserved 1179648K
  class space    used 7572K, committed 8256K, reserved 1048576K
}
Event: 27.966 GC heap after
{Heap after GC invocations=276 (full 3):
 PSYoungGen      total 3072K, used 496K [0x00000000d5580000, 0x00000000d5980000, 0x0000000100000000)
  eden space 2048K, 0% used [0x00000000d5580000,0x00000000d5580000,0x00000000d5780000)
  from space 1024K, 48% used [0x00000000d5780000,0x00000000d57fc010,0x00000000d5880000)
  to   space 1024K, 0% used [0x00000000d5880000,0x00000000d5880000,0x00000000d5980000)
 ParOldGen       total 272384K, used 271982K [0x0000000080000000, 0x0000000090a00000, 0x00000000d5580000)
  object space 272384K, 99% used [0x0000000080000000,0x000000009099bac0,0x0000000090a00000)
 Metaspace       used 72052K, committed 73728K, reserved 1179648K
  class space    used 7572K, committed 8256K, reserved 1048576K
}
Event: 27.977 GC heap before
{Heap before GC invocations=277 (full 3):
 PSYoungGen      total 3072K, used 2543K [0x00000000d5580000, 0x00000000d5980000, 0x0000000100000000)
  eden space 2048K, 99% used [0x00000000d5580000,0x00000000d577ff78,0x00000000d5780000)
  from space 1024K, 48% used [0x00000000d5780000,0x00000000d57fc010,0x00000000d5880000)
  to   space 1024K, 0% used [0x00000000d5880000,0x00000000d5880000,0x00000000d5980000)
 ParOldGen       total 272384K, used 271982K [0x0000000080000000, 0x0000000090a00000, 0x00000000d5580000)
  object space 272384K, 99% used [0x0000000080000000,0x000000009099bac0,0x0000000090a00000)
 Metaspace       used 72057K, committed 73728K, reserved 1179648K
  class space    used 7572K, committed 8256K, reserved 1048576K
}
Event: 27.979 GC heap after
{Heap after GC invocations=277 (full 3):
 PSYoungGen      total 2560K, used 398K [0x00000000d5580000, 0x00000000d5900000, 0x0000000100000000)
  eden space 2048K, 0% used [0x00000000d5580000,0x00000000d5580000,0x00000000d5780000)
  from space 512K, 77% used [0x00000000d5880000,0x00000000d58e3b00,0x00000000d5900000)
  to   space 512K, 0% used [0x00000000d5800000,0x00000000d5800000,0x00000000d5880000)
 ParOldGen       total 272384K, used 272222K [0x0000000080000000, 0x0000000090a00000, 0x00000000d5580000)
  object space 272384K, 99% used [0x0000000080000000,0x00000000909d7ac0,0x0000000090a00000)
 Metaspace       used 72057K, committed 73728K, reserved 1179648K
  class space    used 7572K, committed 8256K, reserved 1048576K
}
Event: 27.985 GC heap before
{Heap before GC invocations=278 (full 3):
 PSYoungGen      total 2560K, used 2446K [0x00000000d5580000, 0x00000000d5900000, 0x0000000100000000)
  eden space 2048K, 100% used [0x00000000d5580000,0x00000000d5780000,0x00000000d5780000)
  from space 512K, 77% used [0x00000000d5880000,0x00000000d58e3b00,0x00000000d5900000)
  to   space 512K, 0% used [0x00000000d5800000,0x00000000d5800000,0x00000000d5880000)
 ParOldGen       total 272384K, used 272222K [0x0000000080000000, 0x0000000090a00000, 0x00000000d5580000)
  object space 272384K, 99% used [0x0000000080000000,0x00000000909d7ac0,0x0000000090a00000)
 Metaspace       used 72064K, committed 73728K, reserved 1179648K
  class space    used 7572K, committed 8256K, reserved 1048576K
}
Event: 27.987 GC heap after
{Heap after GC invocations=278 (full 3):
 PSYoungGen      total 2560K, used 496K [0x00000000d5580000, 0x00000000d5980000, 0x0000000100000000)
  eden space 2048K, 0% used [0x00000000d5580000,0x00000000d5580000,0x00000000d5780000)
  from space 512K, 96% used [0x00000000d5800000,0x00000000d587c010,0x00000000d5880000)
  to   space 1024K, 0% used [0x00000000d5880000,0x00000000d5880000,0x00000000d5980000)
 ParOldGen       total 272896K, used 272604K [0x0000000080000000, 0x0000000090a80000, 0x00000000d5580000)
  object space 272896K, 99% used [0x0000000080000000,0x0000000090a370d0,0x0000000090a80000)
 Metaspace       used 72064K, committed 73728K, reserved 1179648K
  class space    used 7572K, committed 8256K, reserved 1048576K
}
Event: 27.993 GC heap before
{Heap before GC invocations=279 (full 3):
 PSYoungGen      total 2560K, used 2544K [0x00000000d5580000, 0x00000000d5980000, 0x0000000100000000)
  eden space 2048K, 100% used [0x00000000d5580000,0x00000000d5780000,0x00000000d5780000)
  from space 512K, 96% used [0x00000000d5800000,0x00000000d587c010,0x00000000d5880000)
  to   space 1024K, 0% used [0x00000000d5880000,0x00000000d5880000,0x00000000d5980000)
 ParOldGen       total 272896K, used 272604K [0x0000000080000000, 0x0000000090a80000, 0x00000000d5580000)
  object space 272896K, 99% used [0x0000000080000000,0x0000000090a370d0,0x0000000090a80000)
 Metaspace       used 72066K, committed 73728K, reserved 1179648K
  class space    used 7572K, committed 8256K, reserved 1048576K
}
Event: 27.995 GC heap after
{Heap after GC invocations=279 (full 3):
 PSYoungGen      total 2560K, used 288K [0x00000000d5580000, 0x00000000d5900000, 0x0000000100000000)
  eden space 2048K, 0% used [0x00000000d5580000,0x00000000d5580000,0x00000000d5780000)
  from space 512K, 56% used [0x00000000d5880000,0x00000000d58c8000,0x00000000d5900000)
  to   space 512K, 0% used [0x00000000d5800000,0x00000000d5800000,0x00000000d5880000)
 ParOldGen       total 273408K, used 273132K [0x0000000080000000, 0x0000000090b00000, 0x00000000d5580000)
  object space 273408K, 99% used [0x0000000080000000,0x0000000090abb0e0,0x0000000090b00000)
 Metaspace       used 72066K, committed 73728K, reserved 1179648K
  class space    used 7572K, committed 8256K, reserved 1048576K
}
Event: 28.000 GC heap before
{Heap before GC invocations=280 (full 3):
 PSYoungGen      total 2560K, used 2336K [0x00000000d5580000, 0x00000000d5900000, 0x0000000100000000)
  eden space 2048K, 100% used [0x00000000d5580000,0x00000000d5780000,0x00000000d5780000)
  from space 512K, 56% used [0x00000000d5880000,0x00000000d58c8000,0x00000000d5900000)
  to   space 512K, 0% used [0x00000000d5800000,0x00000000d5800000,0x00000000d5880000)
 ParOldGen       total 273408K, used 273132K [0x0000000080000000, 0x0000000090b00000, 0x00000000d5580000)
  object space 273408K, 99% used [0x0000000080000000,0x0000000090abb0e0,0x0000000090b00000)
 Metaspace       used 72067K, committed 73728K, reserved 1179648K
  class space    used 7572K, committed 8256K, reserved 1048576K
}
Event: 28.001 GC heap after
{Heap after GC invocations=280 (full 3):
 PSYoungGen      total 2560K, used 320K [0x00000000d5580000, 0x00000000d5900000, 0x0000000100000000)
  eden space 2048K, 0% used [0x00000000d5580000,0x00000000d5580000,0x00000000d5780000)
  from space 512K, 62% used [0x00000000d5800000,0x00000000d5850000,0x00000000d5880000)
  to   space 512K, 0% used [0x00000000d5880000,0x00000000d5880000,0x00000000d5900000)
 ParOldGen       total 273408K, used 273252K [0x0000000080000000, 0x0000000090b00000, 0x00000000d5580000)
  object space 273408K, 99% used [0x0000000080000000,0x0000000090ad90e0,0x0000000090b00000)
 Metaspace       used 72067K, committed 73728K, reserved 1179648K
  class space    used 7572K, committed 8256K, reserved 1048576K
}
Event: 28.022 GC heap before
{Heap before GC invocations=281 (full 3):
 PSYoungGen      total 2560K, used 2368K [0x00000000d5580000, 0x00000000d5900000, 0x0000000100000000)
  eden space 2048K, 100% used [0x00000000d5580000,0x00000000d5780000,0x00000000d5780000)
  from space 512K, 62% used [0x00000000d5800000,0x00000000d5850000,0x00000000d5880000)
  to   space 512K, 0% used [0x00000000d5880000,0x00000000d5880000,0x00000000d5900000)
 ParOldGen       total 273408K, used 273252K [0x0000000080000000, 0x0000000090b00000, 0x00000000d5580000)
  object space 273408K, 99% used [0x0000000080000000,0x0000000090ad90e0,0x0000000090b00000)
 Metaspace       used 72077K, committed 73728K, reserved 1179648K
  class space    used 7573K, committed 8256K, reserved 1048576K
}
Event: 28.024 GC heap after
{Heap after GC invocations=281 (full 3):
 PSYoungGen      total 2560K, used 416K [0x00000000d5580000, 0x00000000d5900000, 0x0000000100000000)
  eden space 2048K, 0% used [0x00000000d5580000,0x00000000d5580000,0x00000000d5780000)
  from space 512K, 81% used [0x00000000d5880000,0x00000000d58e8000,0x00000000d5900000)
  to   space 512K, 0% used [0x00000000d5800000,0x00000000d5800000,0x00000000d5880000)
 ParOldGen       total 273920K, used 273428K [0x0000000080000000, 0x0000000090b80000, 0x00000000d5580000)
  object space 273920K, 99% used [0x0000000080000000,0x0000000090b050e0,0x0000000090b80000)
 Metaspace       used 72077K, committed 73728K, reserved 1179648K
  class space    used 7573K, committed 8256K, reserved 1048576K
}

