# JRE version: OpenJDK Runtime Environment Temurin-21.0.8+9 (21.0.8+9) (build 21.0.8+9-LTS)
# Java VM: OpenJDK 64-Bit Server VM Temurin-21.0.8+9 (21.0.8+9-LTS, mixed mode, sharing, tiered, compressed oops, compressed class ptrs, parallel gc, windows-amd64)
GC Precious Log:
 CardTable entry size: 512
 CPUs: 8 total, 8 available
 Memory: 11930M
 Large Page Support: Disabled
 NUMA Support: Disabled
 Compressed Oops: Enabled (32-bit)
 Alignments: Space 512K, Generation 512K, Heap 2M
 Heap Min Capacity: 100M
 Heap Initial Capacity: 100M
 Heap Max Capacity: 2G
 Pre-touch: Disabled
 Parallel Workers: 8
Heap:
 PSYoungGen      total 3584K, used 1078K [0x00000000d5580000, 0x00000000d5b80000, 0x0000000100000000)
  eden space 3072K, 18% used [0x00000000d5580000,0x00000000d5610768,0x00000000d5880000)
  from space 512K, 97% used [0x00000000d5a80000,0x00000000d5afd200,0x00000000d5b00000)
  to   space 1536K, 0% used [0x00000000d5880000,0x00000000d5880000,0x00000000d5a00000)
 ParOldGen       total 265728K, used 265298K [0x0000000080000000, 0x0000000090380000, 0x00000000d5580000)
  object space 265728K, 99% used [0x0000000080000000,0x0000000090314890,0x0000000090380000)
 Metaspace       used 72818K, committed 74496K, reserved 1179648K
  class space    used 7590K, committed 8320K, reserved 1048576K
GC Heap History (20 events):
Event: 58.683 GC heap before
{Heap before GC invocations=226 (full 3):
 PSYoungGen      total 3584K, used 3328K [0x00000000d5580000, 0x00000000d5b80000, 0x0000000100000000)
  eden space 3072K, 100% used [0x00000000d5580000,0x00000000d5880000,0x00000000d5880000)
  from space 512K, 50% used [0x00000000d5b00000,0x00000000d5b40000,0x00000000d5b80000)
  to   space 512K, 0% used [0x00000000d5a80000,0x00000000d5a80000,0x00000000d5b00000)
 ParOldGen       total 262656K, used 262444K [0x0000000080000000, 0x0000000090080000, 0x00000000d5580000)
  object space 262656K, 99% used [0x0000000080000000,0x000000009004b260,0x0000000090080000)
 Metaspace       used 72262K, committed 73984K, reserved 1179648K
  class space    used 7534K, committed 8256K, reserved 1048576K
}
Event: 58.684 GC heap after
{Heap after GC invocations=226 (full 3):
 PSYoungGen      total 3584K, used 490K [0x00000000d5580000, 0x00000000d5b80000, 0x0000000100000000)
  eden space 3072K, 0% used [0x00000000d5580000,0x00000000d5580000,0x00000000d5880000)
  from space 512K, 95% used [0x00000000d5a80000,0x00000000d5afa910,0x00000000d5b00000)
  to   space 512K, 0% used [0x00000000d5b00000,0x00000000d5b00000,0x00000000d5b80000)
 ParOldGen       total 262656K, used 262540K [0x0000000080000000, 0x0000000090080000, 0x00000000d5580000)
  object space 262656K, 99% used [0x0000000080000000,0x0000000090063360,0x0000000090080000)
 Metaspace       used 72262K, committed 73984K, reserved 1179648K
  class space    used 7534K, committed 8256K, reserved 1048576K
}
Event: 58.785 GC heap before
{Heap before GC invocations=227 (full 3):
 PSYoungGen      total 3584K, used 3562K [0x00000000d5580000, 0x00000000d5b80000, 0x0000000100000000)
  eden space 3072K, 100% used [0x00000000d5580000,0x00000000d5880000,0x00000000d5880000)
  from space 512K, 95% used [0x00000000d5a80000,0x00000000d5afa910,0x00000000d5b00000)
  to   space 512K, 0% used [0x00000000d5b00000,0x00000000d5b00000,0x00000000d5b80000)
 ParOldGen       total 262656K, used 262540K [0x0000000080000000, 0x0000000090080000, 0x00000000d5580000)
  object space 262656K, 99% used [0x0000000080000000,0x0000000090063360,0x0000000090080000)
 Metaspace       used 72337K, committed 74112K, reserved 1179648K
  class space    used 7537K, committed 8320K, reserved 1048576K
}
Event: 58.786 GC heap after
{Heap after GC invocations=227 (full 3):
 PSYoungGen      total 3584K, used 481K [0x00000000d5580000, 0x00000000d5b80000, 0x0000000100000000)
  eden space 3072K, 0% used [0x00000000d5580000,0x00000000d5580000,0x00000000d5880000)
  from space 512K, 94% used [0x00000000d5b00000,0x00000000d5b78588,0x00000000d5b80000)
  to   space 1536K, 0% used [0x00000000d5880000,0x00000000d5880000,0x00000000d5a00000)
 ParOldGen       total 263168K, used 263033K [0x0000000080000000, 0x0000000090100000, 0x00000000d5580000)
  object space 263168K, 99% used [0x0000000080000000,0x00000000900de470,0x0000000090100000)
 Metaspace       used 72337K, committed 74112K, reserved 1179648K
  class space    used 7537K, committed 8320K, reserved 1048576K
}
Event: 58.798 GC heap before
{Heap before GC invocations=228 (full 3):
 PSYoungGen      total 3584K, used 3553K [0x00000000d5580000, 0x00000000d5b80000, 0x0000000100000000)
  eden space 3072K, 100% used [0x00000000d5580000,0x00000000d5880000,0x00000000d5880000)
  from space 512K, 94% used [0x00000000d5b00000,0x00000000d5b78588,0x00000000d5b80000)
  to   space 1536K, 0% used [0x00000000d5880000,0x00000000d5880000,0x00000000d5a00000)
 ParOldGen       total 263168K, used 263033K [0x0000000080000000, 0x0000000090100000, 0x00000000d5580000)
  object space 263168K, 99% used [0x0000000080000000,0x00000000900de470,0x0000000090100000)
 Metaspace       used 72353K, committed 74112K, reserved 1179648K
  class space    used 7537K, committed 8320K, reserved 1048576K
}
Event: 58.801 GC heap after
{Heap after GC invocations=228 (full 3):
 PSYoungGen      total 4608K, used 586K [0x00000000d5580000, 0x00000000d5b80000, 0x0000000100000000)
  eden space 3072K, 0% used [0x00000000d5580000,0x00000000d5580000,0x00000000d5880000)
  from space 1536K, 38% used [0x00000000d5880000,0x00000000d5912910,0x00000000d5a00000)
  to   space 1024K, 0% used [0x00000000d5a80000,0x00000000d5a80000,0x00000000d5b80000)
 ParOldGen       total 263680K, used 263524K [0x0000000080000000, 0x0000000090180000, 0x00000000d5580000)
  object space 263680K, 99% used [0x0000000080000000,0x00000000901593c8,0x0000000090180000)
 Metaspace       used 72353K, committed 74112K, reserved 1179648K
  class space    used 7537K, committed 8320K, reserved 1048576K
}
Event: 58.849 GC heap before
{Heap before GC invocations=229 (full 3):
 PSYoungGen      total 4608K, used 3658K [0x00000000d5580000, 0x00000000d5b80000, 0x0000000100000000)
  eden space 3072K, 100% used [0x00000000d5580000,0x00000000d5880000,0x00000000d5880000)
  from space 1536K, 38% used [0x00000000d5880000,0x00000000d5912910,0x00000000d5a00000)
  to   space 1024K, 0% used [0x00000000d5a80000,0x00000000d5a80000,0x00000000d5b80000)
 ParOldGen       total 263680K, used 263524K [0x0000000080000000, 0x0000000090180000, 0x00000000d5580000)
  object space 263680K, 99% used [0x0000000080000000,0x00000000901593c8,0x0000000090180000)
 Metaspace       used 72410K, committed 74176K, reserved 1179648K
  class space    used 7537K, committed 8320K, reserved 1048576K
}
Event: 58.851 GC heap after
{Heap after GC invocations=229 (full 3):
 PSYoungGen      total 3584K, used 480K [0x00000000d5580000, 0x00000000d5b00000, 0x0000000100000000)
  eden space 3072K, 0% used [0x00000000d5580000,0x00000000d5580000,0x00000000d5880000)
  from space 512K, 93% used [0x00000000d5a80000,0x00000000d5af8000,0x00000000d5b00000)
  to   space 1024K, 0% used [0x00000000d5900000,0x00000000d5900000,0x00000000d5a00000)
 ParOldGen       total 264192K, used 264041K [0x0000000080000000, 0x0000000090200000, 0x00000000d5580000)
  object space 264192K, 99% used [0x0000000080000000,0x00000000901da4d8,0x0000000090200000)
 Metaspace       used 72410K, committed 74176K, reserved 1179648K
  class space    used 7537K, committed 8320K, reserved 1048576K
}
Event: 58.882 GC heap before
{Heap before GC invocations=230 (full 3):
 PSYoungGen      total 3584K, used 3552K [0x00000000d5580000, 0x00000000d5b00000, 0x0000000100000000)
  eden space 3072K, 100% used [0x00000000d5580000,0x00000000d5880000,0x00000000d5880000)
  from space 512K, 93% used [0x00000000d5a80000,0x00000000d5af8000,0x00000000d5b00000)
  to   space 1024K, 0% used [0x00000000d5900000,0x00000000d5900000,0x00000000d5a00000)
 ParOldGen       total 264192K, used 264041K [0x0000000080000000, 0x0000000090200000, 0x00000000d5580000)
  object space 264192K, 99% used [0x0000000080000000,0x00000000901da4d8,0x0000000090200000)
 Metaspace       used 72441K, committed 74176K, reserved 1179648K
  class space    used 7537K, committed 8320K, reserved 1048576K
}
Event: 58.883 GC heap after
{Heap after GC invocations=230 (full 3):
 PSYoungGen      total 4096K, used 160K [0x00000000d5580000, 0x00000000d5b00000, 0x0000000100000000)
  eden space 3072K, 0% used [0x00000000d5580000,0x00000000d5580000,0x00000000d5880000)
  from space 1024K, 15% used [0x00000000d5900000,0x00000000d5928000,0x00000000d5a00000)
  to   space 512K, 0% used [0x00000000d5a80000,0x00000000d5a80000,0x00000000d5b00000)
 ParOldGen       total 264704K, used 264429K [0x0000000080000000, 0x0000000090280000, 0x00000000d5580000)
  object space 264704K, 99% used [0x0000000080000000,0x000000009023b508,0x0000000090280000)
 Metaspace       used 72441K, committed 74176K, reserved 1179648K
  class space    used 7537K, committed 8320K, reserved 1048576K
}
Event: 59.111 GC heap before
{Heap before GC invocations=231 (full 3):
 PSYoungGen      total 4096K, used 3232K [0x00000000d5580000, 0x00000000d5b00000, 0x0000000100000000)
  eden space 3072K, 100% used [0x00000000d5580000,0x00000000d5880000,0x00000000d5880000)
  from space 1024K, 15% used [0x00000000d5900000,0x00000000d5928000,0x00000000d5a00000)
  to   space 512K, 0% used [0x00000000d5a80000,0x00000000d5a80000,0x00000000d5b00000)
 ParOldGen       total 264704K, used 264429K [0x0000000080000000, 0x0000000090280000, 0x00000000d5580000)
  object space 264704K, 99% used [0x0000000080000000,0x000000009023b508,0x0000000090280000)
 Metaspace       used 72478K, committed 74240K, reserved 1179648K
  class space    used 7541K, committed 8320K, reserved 1048576K
}
Event: 59.112 GC heap after
{Heap after GC invocations=231 (full 3):
 PSYoungGen      total 3584K, used 192K [0x00000000d5580000, 0x00000000d5b00000, 0x0000000100000000)
  eden space 3072K, 0% used [0x00000000d5580000,0x00000000d5580000,0x00000000d5880000)
  from space 512K, 37% used [0x00000000d5a80000,0x00000000d5ab0000,0x00000000d5b00000)
  to   space 512K, 0% used [0x00000000d5a00000,0x00000000d5a00000,0x00000000d5a80000)
 ParOldGen       total 264704K, used 264477K [0x0000000080000000, 0x0000000090280000, 0x00000000d5580000)
  object space 264704K, 99% used [0x0000000080000000,0x0000000090247508,0x0000000090280000)
 Metaspace       used 72478K, committed 74240K, reserved 1179648K
  class space    used 7541K, committed 8320K, reserved 1048576K
}
Event: 59.216 GC heap before
{Heap before GC invocations=232 (full 3):
 PSYoungGen      total 3584K, used 3264K [0x00000000d5580000, 0x00000000d5b00000, 0x0000000100000000)
  eden space 3072K, 100% used [0x00000000d5580000,0x00000000d5880000,0x00000000d5880000)
  from space 512K, 37% used [0x00000000d5a80000,0x00000000d5ab0000,0x00000000d5b00000)
  to   space 512K, 0% used [0x00000000d5a00000,0x00000000d5a00000,0x00000000d5a80000)
 ParOldGen       total 264704K, used 264477K [0x0000000080000000, 0x0000000090280000, 0x00000000d5580000)
  object space 264704K, 99% used [0x0000000080000000,0x0000000090247508,0x0000000090280000)
 Metaspace       used 72710K, committed 74432K, reserved 1179648K
  class space    used 7587K, committed 8320K, reserved 1048576K
}
Event: 59.217 GC heap after
{Heap after GC invocations=232 (full 3):
 PSYoungGen      total 3584K, used 436K [0x00000000d5580000, 0x00000000d5b00000, 0x0000000100000000)
  eden space 3072K, 0% used [0x00000000d5580000,0x00000000d5580000,0x00000000d5880000)
  from space 512K, 85% used [0x00000000d5a00000,0x00000000d5a6d200,0x00000000d5a80000)
  to   space 512K, 0% used [0x00000000d5a80000,0x00000000d5a80000,0x00000000d5b00000)
 ParOldGen       total 264704K, used 264501K [0x0000000080000000, 0x0000000090280000, 0x00000000d5580000)
  object space 264704K, 99% used [0x0000000080000000,0x000000009024d508,0x0000000090280000)
 Metaspace       used 72710K, committed 74432K, reserved 1179648K
  class space    used 7587K, committed 8320K, reserved 1048576K
}
Event: 59.364 GC heap before
{Heap before GC invocations=233 (full 3):
 PSYoungGen      total 3584K, used 3508K [0x00000000d5580000, 0x00000000d5b00000, 0x0000000100000000)
  eden space 3072K, 100% used [0x00000000d5580000,0x00000000d5880000,0x00000000d5880000)
  from space 512K, 85% used [0x00000000d5a00000,0x00000000d5a6d200,0x00000000d5a80000)
  to   space 512K, 0% used [0x00000000d5a80000,0x00000000d5a80000,0x00000000d5b00000)
 ParOldGen       total 264704K, used 264501K [0x0000000080000000, 0x0000000090280000, 0x00000000d5580000)
  object space 264704K, 99% used [0x0000000080000000,0x000000009024d508,0x0000000090280000)
 Metaspace       used 72772K, committed 74496K, reserved 1179648K
  class space    used 7590K, committed 8320K, reserved 1048576K
}
Event: 59.365 GC heap after
{Heap after GC invocations=233 (full 3):
 PSYoungGen      total 3584K, used 308K [0x00000000d5580000, 0x00000000d5b00000, 0x0000000100000000)
  eden space 3072K, 0% used [0x00000000d5580000,0x00000000d5580000,0x00000000d5880000)
  from space 512K, 60% used [0x00000000d5a80000,0x00000000d5acd200,0x00000000d5b00000)
  to   space 512K, 0% used [0x00000000d5a00000,0x00000000d5a00000,0x00000000d5a80000)
 ParOldGen       total 264704K, used 264570K [0x0000000080000000, 0x0000000090280000, 0x00000000d5580000)
  object space 264704K, 99% used [0x0000000080000000,0x000000009025e860,0x0000000090280000)
 Metaspace       used 72772K, committed 74496K, reserved 1179648K
  class space    used 7590K, committed 8320K, reserved 1048576K
}
Event: 59.376 GC heap before
{Heap before GC invocations=234 (full 3):
 PSYoungGen      total 3584K, used 3380K [0x00000000d5580000, 0x00000000d5b00000, 0x0000000100000000)
  eden space 3072K, 99% used [0x00000000d5580000,0x00000000d587fff8,0x00000000d5880000)
  from space 512K, 60% used [0x00000000d5a80000,0x00000000d5acd200,0x00000000d5b00000)
  to   space 512K, 0% used [0x00000000d5a00000,0x00000000d5a00000,0x00000000d5a80000)
 ParOldGen       total 264704K, used 264570K [0x0000000080000000, 0x0000000090280000, 0x00000000d5580000)
  object space 264704K, 99% used [0x0000000080000000,0x000000009025e860,0x0000000090280000)
 Metaspace       used 72772K, committed 74496K, reserved 1179648K
  class space    used 7590K, committed 8320K, reserved 1048576K
}
Event: 59.378 GC heap after
{Heap after GC invocations=234 (full 3):
 PSYoungGen      total 3584K, used 496K [0x00000000d5580000, 0x00000000d5b00000, 0x0000000100000000)
  eden space 3072K, 0% used [0x00000000d5580000,0x00000000d5580000,0x00000000d5880000)
  from space 512K, 96% used [0x00000000d5a00000,0x00000000d5a7c010,0x00000000d5a80000)
  to   space 512K, 0% used [0x00000000d5a80000,0x00000000d5a80000,0x00000000d5b00000)
 ParOldGen       total 264704K, used 264702K [0x0000000080000000, 0x0000000090280000, 0x00000000d5580000)
  object space 264704K, 99% used [0x0000000080000000,0x000000009027fa60,0x0000000090280000)
 Metaspace       used 72772K, committed 74496K, reserved 1179648K
  class space    used 7590K, committed 8320K, reserved 1048576K
}
Event: 59.396 GC heap before
{Heap before GC invocations=235 (full 3):
 PSYoungGen      total 3584K, used 3568K [0x00000000d5580000, 0x00000000d5b00000, 0x0000000100000000)
  eden space 3072K, 100% used [0x00000000d5580000,0x00000000d5880000,0x00000000d5880000)
  from space 512K, 96% used [0x00000000d5a00000,0x00000000d5a7c010,0x00000000d5a80000)
  to   space 512K, 0% used [0x00000000d5a80000,0x00000000d5a80000,0x00000000d5b00000)
 ParOldGen       total 264704K, used 264702K [0x0000000080000000, 0x0000000090280000, 0x00000000d5580000)
  object space 264704K, 99% used [0x0000000080000000,0x000000009027fa60,0x0000000090280000)
 Metaspace       used 72809K, committed 74496K, reserved 1179648K
  class space    used 7590K, committed 8320K, reserved 1048576K
}
Event: 59.397 GC heap after
{Heap after GC invocations=235 (full 3):
 PSYoungGen      total 3584K, used 500K [0x00000000d5580000, 0x00000000d5b80000, 0x0000000100000000)
  eden space 3072K, 0% used [0x00000000d5580000,0x00000000d5580000,0x00000000d5880000)
  from space 512K, 97% used [0x00000000d5a80000,0x00000000d5afd200,0x00000000d5b00000)
  to   space 1536K, 0% used [0x00000000d5880000,0x00000000d5880000,0x00000000d5a00000)
 ParOldGen       total 265728K, used 265298K [0x0000000080000000, 0x0000000090380000, 0x00000000d5580000)
  object space 265728K, 99% used [0x0000000080000000,0x0000000090314890,0x0000000090380000)
 Metaspace       used 72809K, committed 74496K, reserved 1179648K
  class space    used 7590K, committed 8320K, reserved 1048576K
}

